#
# There is insufficient memory for the Java Runtime Environment to continue.
# Native memory allocation (mmap) failed to map 65536 bytes for Failed to commit metaspace.
# Possible reasons:
#   The system is out of physical RAM or swap space
#   The process is running with CompressedOops enabled, and the Java Heap may be blocking the growth of the native heap
# Possible solutions:
#   Reduce memory load on the system
#   Increase physical memory or swap space
#   Check if swap backing store is full
#   Decrease Java heap size (-Xmx/-Xms)
#   Decrease number of Java threads
#   Decrease Java thread stack sizes (-Xss)
#   Set larger code cache with -XX:ReservedCodeCacheSize=
#   JVM is running with Zero Based Compressed Oops mode in which the Java heap is
#     placed in the first 32GB address space. The Java Heap base address is the
#     maximum limit for the native heap growth. Please use -XX:HeapBaseMinAddress
#     to set the Java Heap base and to place the Java Heap above 32GB virtual address.
# This output file may be truncated or incomplete.
#
#  Out of Memory Error (virtualSpaceNode.cpp:110), pid=16120, tid=11996
#
# JRE version: OpenJDK Runtime Environment (17.0.2+8) (build 17.0.2+8-86)
# Java VM: OpenJDK 64-Bit Server VM (17.0.2+8-86, mixed mode, emulated-client, sharing, tiered, compressed oops, compressed class ptrs, g1 gc, windows-amd64)
# No core dump will be written. Minidumps are not enabled by default on client versions of Windows
#

---------------  S U M M A R Y ------------

Command Line: -XX:TieredStopAtLevel=1 -Dspring.output.ansi.enabled=always -Dcom.sun.management.jmxremote -Dspring.jmx.enabled=true -Dspring.liveBeansView.mbeanDomain -Dspring.application.admin.enabled=true -Dmanagement.endpoints.jmx.exposure.include=* -javaagent:C:\Program Files\JetBrains\IntelliJ IDEA 2021.1.3\lib\idea_rt.jar=62496:C:\Program Files\JetBrains\IntelliJ IDEA 2021.1.3\bin -Dfile.encoding=UTF-8 com.example.demo.DemoApplication

Host: Intel(R) Core(TM) i7-10510U CPU @ 1.80GHz, 8 cores, 31G,  Windows 10 , 64 bit Build 19041 (10.0.19041.1023)
Time: Tue May  9 16:55:59 2023 RTZ 2 (s 10 , 64 bit Build 19041 (10.0.19041.1023) elapsed time: 0.265363 seconds (0d 0h 0m 0s)

---------------  T H R E A D  ---------------

Current thread (0x000001d9b5a03460):  JavaThread "main" [_thread_in_vm, id=11996, stack(0x0000006aa4000000,0x0000006aa4100000)]

Stack: [0x0000006aa4000000,0x0000006aa4100000]
Native frames: (J=compiled Java code, j=interpreted, Vv=VM code, C=native code)
V  [jvm.dll+0x670baa]
V  [jvm.dll+0x7cfcb4]
V  [jvm.dll+0x7d145e]
V  [jvm.dll+0x7d1ac3]
V  [jvm.dll+0x242bc5]
V  [jvm.dll+0x7cbc5b]
V  [jvm.dll+0x616966]
V  [jvm.dll+0x6169ca]
V  [jvm.dll+0x6191da]
V  [jvm.dll+0x617306]
V  [jvm.dll+0x24068c]
V  [jvm.dll+0x6c706d]
V  [jvm.dll+0x6c7a9f]
V  [jvm.dll+0x36c4c3]
V  [jvm.dll+0x36c336]
V  [jvm.dll+0x36b682]
V  [jvm.dll+0x36b628]
V  [jvm.dll+0x37b33a]
C  0x000001d9bd269ad7

Java frames: (J=compiled Java code, j=interpreted, Vv=VM code)
j  sun.rmi.runtime.Log$LoggerLog$1.run()Ljava/util/logging/Handler;+0 java.rmi@17.0.2
j  sun.rmi.runtime.Log$LoggerLog$1.run()Ljava/lang/Object;+1 java.rmi@17.0.2
j  java.security.AccessController.executePrivileged(Ljava/security/PrivilegedAction;Ljava/security/AccessControlContext;Ljava/lang/Class;)Ljava/lang/Object;+29 java.base@17.0.2
j  java.security.AccessController.doPrivileged(Ljava/security/PrivilegedAction;)Ljava/lang/Object;+5 java.base@17.0.2
j  sun.rmi.runtime.Log$LoggerLog.<clinit>()V+7 java.rmi@17.0.2
v  ~StubRoutines::call_stub
j  sun.rmi.runtime.Log$LoggerLogFactory.createLog(Ljava/lang/String;Ljava/lang/String;Ljava/util/logging/Level;)Lsun/rmi/runtime/Log;+6 java.rmi@17.0.2
j  sun.rmi.runtime.Log.getLog(Ljava/lang/String;Ljava/lang/String;I)Lsun/rmi/runtime/Log;+66 java.rmi@17.0.2
j  sun.rmi.server.Util.<clinit>()V+26 java.rmi@17.0.2
v  ~StubRoutines::call_stub
j  sun.rmi.server.UnicastRef.<clinit>()V+6 java.rmi@17.0.2
v  ~StubRoutines::call_stub
j  sun.management.jmxremote.ConnectorBootstrap$PermanentExporter.exportObject(Ljava/rmi/Remote;ILjava/rmi/server/RMIClientSocketFactory;Ljava/rmi/server/RMIServerSocketFactory;Ljava/io/ObjectInputFilter;)Ljava/rmi/Remote;+62 jdk.management.agent@17.0.2
j  javax.management.remote.rmi.RMIJRMPServerImpl.export(Ljava/rmi/Remote;Ljava/io/ObjectInputFilter;)V+62 java.management.rmi@17.0.2
j  javax.management.remote.rmi.RMIJRMPServerImpl.export()V+6 java.management.rmi@17.0.2
j  javax.management.remote.rmi.RMIConnectorServer.start()V+257 java.management.rmi@17.0.2
j  sun.management.jmxremote.ConnectorBootstrap.startLocalConnectorServer()Ljavax/management/remote/JMXConnectorServer;+290 jdk.management.agent@17.0.2
j  jdk.internal.agent.Agent.startLocalManagementAgent()V+13 jdk.management.agent@17.0.2
j  jdk.internal.agent.Agent.startAgent(Ljava/util/Properties;)V+58 jdk.management.agent@17.0.2
j  jdk.internal.agent.Agent.startAgent()V+20 jdk.management.agent@17.0.2
v  ~StubRoutines::call_stub

---------------  P R O C E S S  ---------------

Threads class SMR info:
_java_thread_list=0x000001d9d69566f0, length=14, elements={
0x000001d9b5a03460, 0x000001d9d5ccf5a0, 0x000001d9d5cd2420, 0x000001d9d5ced6f0,
0x000001d9d5cedbc0, 0x000001d9d5ceba10, 0x000001d9d5cee090, 0x000001d9d5cf30f0,
0x000001d9d6808090, 0x000001d9d5cec880, 0x000001d9d5cbb0e0, 0x000001d9d5cbb5f0,
0x000001d9d5ceb070, 0x000001d9d5ceb540
}

Java Threads: ( => current thread )
=>0x000001d9b5a03460 JavaThread "main" [_thread_in_vm, id=11996, stack(0x0000006aa4000000,0x0000006aa4100000)]
  0x000001d9d5ccf5a0 JavaThread "Reference Handler" daemon [_thread_blocked, id=13316, stack(0x0000006aa4700000,0x0000006aa4800000)]
  0x000001d9d5cd2420 JavaThread "Finalizer" daemon [_thread_blocked, id=22652, stack(0x0000006aa4800000,0x0000006aa4900000)]
  0x000001d9d5ced6f0 JavaThread "Signal Dispatcher" daemon [_thread_blocked, id=23760, stack(0x0000006aa4900000,0x0000006aa4a00000)]
  0x000001d9d5cedbc0 JavaThread "Attach Listener" daemon [_thread_blocked, id=19924, stack(0x0000006aa4a00000,0x0000006aa4b00000)]
  0x000001d9d5ceba10 JavaThread "Service Thread" daemon [_thread_blocked, id=23816, stack(0x0000006aa4b00000,0x0000006aa4c00000)]
  0x000001d9d5cee090 JavaThread "Monitor Deflation Thread" daemon [_thread_blocked, id=23840, stack(0x0000006aa4c00000,0x0000006aa4d00000)]
  0x000001d9d5cf30f0 JavaThread "C1 CompilerThread0" daemon [_thread_blocked, id=2948, stack(0x0000006aa4d00000,0x0000006aa4e00000)]
  0x000001d9d6808090 JavaThread "Sweeper thread" daemon [_thread_blocked, id=15652, stack(0x0000006aa4e00000,0x0000006aa4f00000)]
  0x000001d9d5cec880 JavaThread "Common-Cleaner" daemon [_thread_blocked, id=13392, stack(0x0000006aa4f00000,0x0000006aa5000000)]
  0x000001d9d5cbb0e0 JavaThread "C1 CompilerThread1" daemon [_thread_blocked, id=17792, stack(0x0000006aa5000000,0x0000006aa5100000)]
  0x000001d9d5cbb5f0 JavaThread "C1 CompilerThread2" daemon [_thread_blocked, id=22236, stack(0x0000006aa5100000,0x0000006aa5200000)]
  0x000001d9d5ceb070 JavaThread "Monitor Ctrl-Break" daemon [_thread_in_native, id=22832, stack(0x0000006aa5200000,0x0000006aa5300000)]
  0x000001d9d5ceb540 JavaThread "Notification Thread" daemon [_thread_blocked, id=11048, stack(0x0000006aa5300000,0x0000006aa5400000)]

Other Threads:
  0x000001d9d5ccc9b0 VMThread "VM Thread" [stack: 0x0000006aa4600000,0x0000006aa4700000] [id=24572]
  0x000001d9b5a78d90 GCTaskThread "GC Thread#0" [stack: 0x0000006aa4100000,0x0000006aa4200000] [id=20300]
  0x000001d9b5a89b90 ConcurrentGCThread "G1 Main Marker" [stack: 0x0000006aa4200000,0x0000006aa4300000] [id=7500]
  0x000001d9b5a8ad40 ConcurrentGCThread "G1 Conc#0" [stack: 0x0000006aa4300000,0x0000006aa4400000] [id=18936]
  0x000001d9b5adecc0 ConcurrentGCThread "G1 Refine#0" [stack: 0x0000006aa4400000,0x0000006aa4500000] [id=21844]
  0x000001d9d5b84c30 ConcurrentGCThread "G1 Service" [stack: 0x0000006aa4500000,0x0000006aa4600000] [id=22136]

Threads with active compile tasks:

VM state: not at safepoint (normal execution)

VM Mutex/Monitor currently owned by a thread:  ([mutex/lock_event])
[0x000001d9b59fef30] Metaspace_lock - owner thread: 0x000001d9b5a03460

Heap address: 0x0000000602800000, size: 8152 MB, Compressed Oops mode: Zero based, Oop shift amount: 3

CDS archive(s) mapped at: [0x0000000800000000-0x0000000800bc0000-0x0000000800bc0000), size 12320768, SharedBaseAddress: 0x0000000800000000, ArchiveRelocationMode: 0.
Compressed class space mapped at: 0x0000000800c00000-0x0000000840c00000, reserved size: 1073741824
Narrow klass base: 0x0000000800000000, Narrow klass shift: 0, Narrow klass range: 0x100000000

GC Precious Log:
 CPUs: 8 total, 8 available
 Memory: 32605M
 Large Page Support: Disabled
 NUMA Support: Disabled
 Compressed Oops: Enabled (Zero based)
 Heap Region Size: 4M
 Heap Min Capacity: 8M
 Heap Initial Capacity: 512M
 Heap Max Capacity: 8152M
 Pre-touch: Disabled
 Parallel Workers: 8
 Concurrent Workers: 2
 Concurrent Refinement Workers: 8
 Periodic GC: Disabled

Heap:
 garbage-first heap   total 524288K, used 8192K [0x0000000602800000, 0x0000000800000000)
  region size 4096K, 3 young (12288K), 0 survivors (0K)
 Metaspace       used 3115K, committed 3264K, reserved 1056768K
  class space    used 373K, committed 448K, reserved 1048576K

Heap Regions: E=young(eden), S=young(survivor), O=old, HS=humongous(starts), HC=humongous(continues), CS=collection set, F=free, OA=open archive, CA=closed archive, TAMS=top-at-mark-start (previous, next)
|   0|0x0000000602800000, 0x0000000602800000, 0x0000000602c00000|  0%| F|  |TAMS 0x0000000602800000, 0x0000000602800000| Untracked 
|   1|0x0000000602c00000, 0x0000000602c00000, 0x0000000603000000|  0%| F|  |TAMS 0x0000000602c00000, 0x0000000602c00000| Untracked 
|   2|0x0000000603000000, 0x0000000603000000, 0x0000000603400000|  0%| F|  |TAMS 0x0000000603000000, 0x0000000603000000| Untracked 
|   3|0x0000000603400000, 0x0000000603400000, 0x0000000603800000|  0%| F|  |TAMS 0x0000000603400000, 0x0000000603400000| Untracked 
|   4|0x0000000603800000, 0x0000000603800000, 0x0000000603c00000|  0%| F|  |TAMS 0x0000000603800000, 0x0000000603800000| Untracked 
|   5|0x0000000603c00000, 0x0000000603c00000, 0x0000000604000000|  0%| F|  |TAMS 0x0000000603c00000, 0x0000000603c00000| Untracked 
|   6|0x0000000604000000, 0x0000000604000000, 0x0000000604400000|  0%| F|  |TAMS 0x0000000604000000, 0x0000000604000000| Untracked 
|   7|0x0000000604400000, 0x0000000604400000, 0x0000000604800000|  0%| F|  |TAMS 0x0000000604400000, 0x0000000604400000| Untracked 
|   8|0x0000000604800000, 0x0000000604800000, 0x0000000604c00000|  0%| F|  |TAMS 0x0000000604800000, 0x0000000604800000| Untracked 
|   9|0x0000000604c00000, 0x0000000604c00000, 0x0000000605000000|  0%| F|  |TAMS 0x0000000604c00000, 0x0000000604c00000| Untracked 
|  10|0x0000000605000000, 0x0000000605000000, 0x0000000605400000|  0%| F|  |TAMS 0x0000000605000000, 0x0000000605000000| Untracked 
|  11|0x0000000605400000, 0x0000000605400000, 0x0000000605800000|  0%| F|  |TAMS 0x0000000605400000, 0x0000000605400000| Untracked 
|  12|0x0000000605800000, 0x0000000605800000, 0x0000000605c00000|  0%| F|  |TAMS 0x0000000605800000, 0x0000000605800000| Untracked 
|  13|0x0000000605c00000, 0x0000000605c00000, 0x0000000606000000|  0%| F|  |TAMS 0x0000000605c00000, 0x0000000605c00000| Untracked 
|  14|0x0000000606000000, 0x0000000606000000, 0x0000000606400000|  0%| F|  |TAMS 0x0000000606000000, 0x0000000606000000| Untracked 
|  15|0x0000000606400000, 0x0000000606400000, 0x0000000606800000|  0%| F|  |TAMS 0x0000000606400000, 0x0000000606400000| Untracked 
|  16|0x0000000606800000, 0x0000000606800000, 0x0000000606c00000|  0%| F|  |TAMS 0x0000000606800000, 0x0000000606800000| Untracked 
|  17|0x0000000606c00000, 0x0000000606c00000, 0x0000000607000000|  0%| F|  |TAMS 0x0000000606c00000, 0x0000000606c00000| Untracked 
|  18|0x0000000607000000, 0x0000000607000000, 0x0000000607400000|  0%| F|  |TAMS 0x0000000607000000, 0x0000000607000000| Untracked 
|  19|0x0000000607400000, 0x0000000607400000, 0x0000000607800000|  0%| F|  |TAMS 0x0000000607400000, 0x0000000607400000| Untracked 
|  20|0x0000000607800000, 0x0000000607800000, 0x0000000607c00000|  0%| F|  |TAMS 0x0000000607800000, 0x0000000607800000| Untracked 
|  21|0x0000000607c00000, 0x0000000607c00000, 0x0000000608000000|  0%| F|  |TAMS 0x0000000607c00000, 0x0000000607c00000| Untracked 
|  22|0x0000000608000000, 0x0000000608000000, 0x0000000608400000|  0%| F|  |TAMS 0x0000000608000000, 0x0000000608000000| Untracked 
|  23|0x0000000608400000, 0x0000000608400000, 0x0000000608800000|  0%| F|  |TAMS 0x0000000608400000, 0x0000000608400000| Untracked 
|  24|0x0000000608800000, 0x0000000608800000, 0x0000000608c00000|  0%| F|  |TAMS 0x0000000608800000, 0x0000000608800000| Untracked 
|  25|0x0000000608c00000, 0x0000000608c00000, 0x0000000609000000|  0%| F|  |TAMS 0x0000000608c00000, 0x0000000608c00000| Untracked 
|  26|0x0000000609000000, 0x0000000609000000, 0x0000000609400000|  0%| F|  |TAMS 0x0000000609000000, 0x0000000609000000| Untracked 
|  27|0x0000000609400000, 0x0000000609400000, 0x0000000609800000|  0%| F|  |TAMS 0x0000000609400000, 0x0000000609400000| Untracked 
|  28|0x0000000609800000, 0x0000000609800000, 0x0000000609c00000|  0%| F|  |TAMS 0x0000000609800000, 0x0000000609800000| Untracked 
|  29|0x0000000609c00000, 0x0000000609c00000, 0x000000060a000000|  0%| F|  |TAMS 0x0000000609c00000, 0x0000000609c00000| Untracked 
|  30|0x000000060a000000, 0x000000060a000000, 0x000000060a400000|  0%| F|  |TAMS 0x000000060a000000, 0x000000060a000000| Untracked 
|  31|0x000000060a400000, 0x000000060a400000, 0x000000060a800000|  0%| F|  |TAMS 0x000000060a400000, 0x000000060a400000| Untracked 
|  32|0x000000060a800000, 0x000000060a800000, 0x000000060ac00000|  0%| F|  |TAMS 0x000000060a800000, 0x000000060a800000| Untracked 
|  33|0x000000060ac00000, 0x000000060ac00000, 0x000000060b000000|  0%| F|  |TAMS 0x000000060ac00000, 0x000000060ac00000| Untracked 
|  34|0x000000060b000000, 0x000000060b000000, 0x000000060b400000|  0%| F|  |TAMS 0x000000060b000000, 0x000000060b000000| Untracked 
|  35|0x000000060b400000, 0x000000060b400000, 0x000000060b800000|  0%| F|  |TAMS 0x000000060b400000, 0x000000060b400000| Untracked 
|  36|0x000000060b800000, 0x000000060b800000, 0x000000060bc00000|  0%| F|  |TAMS 0x000000060b800000, 0x000000060b800000| Untracked 
|  37|0x000000060bc00000, 0x000000060bc00000, 0x000000060c000000|  0%| F|  |TAMS 0x000000060bc00000, 0x000000060bc00000| Untracked 
|  38|0x000000060c000000, 0x000000060c000000, 0x000000060c400000|  0%| F|  |TAMS 0x000000060c000000, 0x000000060c000000| Untracked 
|  39|0x000000060c400000, 0x000000060c400000, 0x000000060c800000|  0%| F|  |TAMS 0x000000060c400000, 0x000000060c400000| Untracked 
|  40|0x000000060c800000, 0x000000060c800000, 0x000000060cc00000|  0%| F|  |TAMS 0x000000060c800000, 0x000000060c800000| Untracked 
|  41|0x000000060cc00000, 0x000000060cc00000, 0x000000060d000000|  0%| F|  |TAMS 0x000000060cc00000, 0x000000060cc00000| Untracked 
|  42|0x000000060d000000, 0x000000060d000000, 0x000000060d400000|  0%| F|  |TAMS 0x000000060d000000, 0x000000060d000000| Untracked 
|  43|0x000000060d400000, 0x000000060d400000, 0x000000060d800000|  0%| F|  |TAMS 0x000000060d400000, 0x000000060d400000| Untracked 
|  44|0x000000060d800000, 0x000000060d800000, 0x000000060dc00000|  0%| F|  |TAMS 0x000000060d800000, 0x000000060d800000| Untracked 
|  45|0x000000060dc00000, 0x000000060dc00000, 0x000000060e000000|  0%| F|  |TAMS 0x000000060dc00000, 0x000000060dc00000| Untracked 
|  46|0x000000060e000000, 0x000000060e000000, 0x000000060e400000|  0%| F|  |TAMS 0x000000060e000000, 0x000000060e000000| Untracked 
|  47|0x000000060e400000, 0x000000060e400000, 0x000000060e800000|  0%| F|  |TAMS 0x000000060e400000, 0x000000060e400000| Untracked 
|  48|0x000000060e800000, 0x000000060e800000, 0x000000060ec00000|  0%| F|  |TAMS 0x000000060e800000, 0x000000060e800000| Untracked 
|  49|0x000000060ec00000, 0x000000060ec00000, 0x000000060f000000|  0%| F|  |TAMS 0x000000060ec00000, 0x000000060ec00000| Untracked 
|  50|0x000000060f000000, 0x000000060f000000, 0x000000060f400000|  0%| F|  |TAMS 0x000000060f000000, 0x000000060f000000| Untracked 
|  51|0x000000060f400000, 0x000000060f400000, 0x000000060f800000|  0%| F|  |TAMS 0x000000060f400000, 0x000000060f400000| Untracked 
|  52|0x000000060f800000, 0x000000060f800000, 0x000000060fc00000|  0%| F|  |TAMS 0x000000060f800000, 0x000000060f800000| Untracked 
|  53|0x000000060fc00000, 0x000000060fc00000, 0x0000000610000000|  0%| F|  |TAMS 0x000000060fc00000, 0x000000060fc00000| Untracked 
|  54|0x0000000610000000, 0x0000000610000000, 0x0000000610400000|  0%| F|  |TAMS 0x0000000610000000, 0x0000000610000000| Untracked 
|  55|0x0000000610400000, 0x0000000610400000, 0x0000000610800000|  0%| F|  |TAMS 0x0000000610400000, 0x0000000610400000| Untracked 
|  56|0x0000000610800000, 0x0000000610800000, 0x0000000610c00000|  0%| F|  |TAMS 0x0000000610800000, 0x0000000610800000| Untracked 
|  57|0x0000000610c00000, 0x0000000610c00000, 0x0000000611000000|  0%| F|  |TAMS 0x0000000610c00000, 0x0000000610c00000| Untracked 
|  58|0x0000000611000000, 0x0000000611000000, 0x0000000611400000|  0%| F|  |TAMS 0x0000000611000000, 0x0000000611000000| Untracked 
|  59|0x0000000611400000, 0x0000000611400000, 0x0000000611800000|  0%| F|  |TAMS 0x0000000611400000, 0x0000000611400000| Untracked 
|  60|0x0000000611800000, 0x0000000611800000, 0x0000000611c00000|  0%| F|  |TAMS 0x0000000611800000, 0x0000000611800000| Untracked 
|  61|0x0000000611c00000, 0x0000000611c00000, 0x0000000612000000|  0%| F|  |TAMS 0x0000000611c00000, 0x0000000611c00000| Untracked 
|  62|0x0000000612000000, 0x0000000612000000, 0x0000000612400000|  0%| F|  |TAMS 0x0000000612000000, 0x0000000612000000| Untracked 
|  63|0x0000000612400000, 0x0000000612400000, 0x0000000612800000|  0%| F|  |TAMS 0x0000000612400000, 0x0000000612400000| Untracked 
|  64|0x0000000612800000, 0x0000000612800000, 0x0000000612c00000|  0%| F|  |TAMS 0x0000000612800000, 0x0000000612800000| Untracked 
|  65|0x0000000612c00000, 0x0000000612c00000, 0x0000000613000000|  0%| F|  |TAMS 0x0000000612c00000, 0x0000000612c00000| Untracked 
|  66|0x0000000613000000, 0x0000000613000000, 0x0000000613400000|  0%| F|  |TAMS 0x0000000613000000, 0x0000000613000000| Untracked 
|  67|0x0000000613400000, 0x0000000613400000, 0x0000000613800000|  0%| F|  |TAMS 0x0000000613400000, 0x0000000613400000| Untracked 
|  68|0x0000000613800000, 0x0000000613800000, 0x0000000613c00000|  0%| F|  |TAMS 0x0000000613800000, 0x0000000613800000| Untracked 
|  69|0x0000000613c00000, 0x0000000613c00000, 0x0000000614000000|  0%| F|  |TAMS 0x0000000613c00000, 0x0000000613c00000| Untracked 
|  70|0x0000000614000000, 0x0000000614000000, 0x0000000614400000|  0%| F|  |TAMS 0x0000000614000000, 0x0000000614000000| Untracked 
|  71|0x0000000614400000, 0x0000000614400000, 0x0000000614800000|  0%| F|  |TAMS 0x0000000614400000, 0x0000000614400000| Untracked 
|  72|0x0000000614800000, 0x0000000614800000, 0x0000000614c00000|  0%| F|  |TAMS 0x0000000614800000, 0x0000000614800000| Untracked 
|  73|0x0000000614c00000, 0x0000000614c00000, 0x0000000615000000|  0%| F|  |TAMS 0x0000000614c00000, 0x0000000614c00000| Untracked 
|  74|0x0000000615000000, 0x0000000615000000, 0x0000000615400000|  0%| F|  |TAMS 0x0000000615000000, 0x0000000615000000| Untracked 
|  75|0x0000000615400000, 0x0000000615400000, 0x0000000615800000|  0%| F|  |TAMS 0x0000000615400000, 0x0000000615400000| Untracked 
|  76|0x0000000615800000, 0x0000000615800000, 0x0000000615c00000|  0%| F|  |TAMS 0x0000000615800000, 0x0000000615800000| Untracked 
|  77|0x0000000615c00000, 0x0000000615c00000, 0x0000000616000000|  0%| F|  |TAMS 0x0000000615c00000, 0x0000000615c00000| Untracked 
|  78|0x0000000616000000, 0x0000000616000000, 0x0000000616400000|  0%| F|  |TAMS 0x0000000616000000, 0x0000000616000000| Untracked 
|  79|0x0000000616400000, 0x0000000616400000, 0x0000000616800000|  0%| F|  |TAMS 0x0000000616400000, 0x0000000616400000| Untracked 
|  80|0x0000000616800000, 0x0000000616800000, 0x0000000616c00000|  0%| F|  |TAMS 0x0000000616800000, 0x0000000616800000| Untracked 
|  81|0x0000000616c00000, 0x0000000616c00000, 0x0000000617000000|  0%| F|  |TAMS 0x0000000616c00000, 0x0000000616c00000| Untracked 
|  82|0x0000000617000000, 0x0000000617000000, 0x0000000617400000|  0%| F|  |TAMS 0x0000000617000000, 0x0000000617000000| Untracked 
|  83|0x0000000617400000, 0x0000000617400000, 0x0000000617800000|  0%| F|  |TAMS 0x0000000617400000, 0x0000000617400000| Untracked 
|  84|0x0000000617800000, 0x0000000617800000, 0x0000000617c00000|  0%| F|  |TAMS 0x0000000617800000, 0x0000000617800000| Untracked 
|  85|0x0000000617c00000, 0x0000000617c00000, 0x0000000618000000|  0%| F|  |TAMS 0x0000000617c00000, 0x0000000617c00000| Untracked 
|  86|0x0000000618000000, 0x0000000618000000, 0x0000000618400000|  0%| F|  |TAMS 0x0000000618000000, 0x0000000618000000| Untracked 
|  87|0x0000000618400000, 0x0000000618400000, 0x0000000618800000|  0%| F|  |TAMS 0x0000000618400000, 0x0000000618400000| Untracked 
|  88|0x0000000618800000, 0x0000000618800000, 0x0000000618c00000|  0%| F|  |TAMS 0x0000000618800000, 0x0000000618800000| Untracked 
|  89|0x0000000618c00000, 0x0000000618c00000, 0x0000000619000000|  0%| F|  |TAMS 0x0000000618c00000, 0x0000000618c00000| Untracked 
|  90|0x0000000619000000, 0x0000000619000000, 0x0000000619400000|  0%| F|  |TAMS 0x0000000619000000, 0x0000000619000000| Untracked 
|  91|0x0000000619400000, 0x0000000619400000, 0x0000000619800000|  0%| F|  |TAMS 0x0000000619400000, 0x0000000619400000| Untracked 
|  92|0x0000000619800000, 0x0000000619800000, 0x0000000619c00000|  0%| F|  |TAMS 0x0000000619800000, 0x0000000619800000| Untracked 
|  93|0x0000000619c00000, 0x0000000619c00000, 0x000000061a000000|  0%| F|  |TAMS 0x0000000619c00000, 0x0000000619c00000| Untracked 
|  94|0x000000061a000000, 0x000000061a000000, 0x000000061a400000|  0%| F|  |TAMS 0x000000061a000000, 0x000000061a000000| Untracked 
|  95|0x000000061a400000, 0x000000061a400000, 0x000000061a800000|  0%| F|  |TAMS 0x000000061a400000, 0x000000061a400000| Untracked 
|  96|0x000000061a800000, 0x000000061a800000, 0x000000061ac00000|  0%| F|  |TAMS 0x000000061a800000, 0x000000061a800000| Untracked 
|  97|0x000000061ac00000, 0x000000061ac00000, 0x000000061b000000|  0%| F|  |TAMS 0x000000061ac00000, 0x000000061ac00000| Untracked 
|  98|0x000000061b000000, 0x000000061b000000, 0x000000061b400000|  0%| F|  |TAMS 0x000000061b000000, 0x000000061b000000| Untracked 
|  99|0x000000061b400000, 0x000000061b400000, 0x000000061b800000|  0%| F|  |TAMS 0x000000061b400000, 0x000000061b400000| Untracked 
| 100|0x000000061b800000, 0x000000061b800000, 0x000000061bc00000|  0%| F|  |TAMS 0x000000061b800000, 0x000000061b800000| Untracked 
| 101|0x000000061bc00000, 0x000000061bc00000, 0x000000061c000000|  0%| F|  |TAMS 0x000000061bc00000, 0x000000061bc00000| Untracked 
| 102|0x000000061c000000, 0x000000061c000000, 0x000000061c400000|  0%| F|  |TAMS 0x000000061c000000, 0x000000061c000000| Untracked 
| 103|0x000000061c400000, 0x000000061c400000, 0x000000061c800000|  0%| F|  |TAMS 0x000000061c400000, 0x000000061c400000| Untracked 
| 104|0x000000061c800000, 0x000000061c800000, 0x000000061cc00000|  0%| F|  |TAMS 0x000000061c800000, 0x000000061c800000| Untracked 
| 105|0x000000061cc00000, 0x000000061cc00000, 0x000000061d000000|  0%| F|  |TAMS 0x000000061cc00000, 0x000000061cc00000| Untracked 
| 106|0x000000061d000000, 0x000000061d000000, 0x000000061d400000|  0%| F|  |TAMS 0x000000061d000000, 0x000000061d000000| Untracked 
| 107|0x000000061d400000, 0x000000061d400000, 0x000000061d800000|  0%| F|  |TAMS 0x000000061d400000, 0x000000061d400000| Untracked 
| 108|0x000000061d800000, 0x000000061d800000, 0x000000061dc00000|  0%| F|  |TAMS 0x000000061d800000, 0x000000061d800000| Untracked 
| 109|0x000000061dc00000, 0x000000061dc00000, 0x000000061e000000|  0%| F|  |TAMS 0x000000061dc00000, 0x000000061dc00000| Untracked 
| 110|0x000000061e000000, 0x000000061e000000, 0x000000061e400000|  0%| F|  |TAMS 0x000000061e000000, 0x000000061e000000| Untracked 
| 111|0x000000061e400000, 0x000000061e400000, 0x000000061e800000|  0%| F|  |TAMS 0x000000061e400000, 0x000000061e400000| Untracked 
| 112|0x000000061e800000, 0x000000061e800000, 0x000000061ec00000|  0%| F|  |TAMS 0x000000061e800000, 0x000000061e800000| Untracked 
| 113|0x000000061ec00000, 0x000000061ec00000, 0x000000061f000000|  0%| F|  |TAMS 0x000000061ec00000, 0x000000061ec00000| Untracked 
| 114|0x000000061f000000, 0x000000061f000000, 0x000000061f400000|  0%| F|  |TAMS 0x000000061f000000, 0x000000061f000000| Untracked 
| 115|0x000000061f400000, 0x000000061f400000, 0x000000061f800000|  0%| F|  |TAMS 0x000000061f400000, 0x000000061f400000| Untracked 
| 116|0x000000061f800000, 0x000000061f800000, 0x000000061fc00000|  0%| F|  |TAMS 0x000000061f800000, 0x000000061f800000| Untracked 
| 117|0x000000061fc00000, 0x000000061fc00000, 0x0000000620000000|  0%| F|  |TAMS 0x000000061fc00000, 0x000000061fc00000| Untracked 
| 118|0x0000000620000000, 0x0000000620000000, 0x0000000620400000|  0%| F|  |TAMS 0x0000000620000000, 0x0000000620000000| Untracked 
| 119|0x0000000620400000, 0x0000000620400000, 0x0000000620800000|  0%| F|  |TAMS 0x0000000620400000, 0x0000000620400000| Untracked 
| 120|0x0000000620800000, 0x0000000620800000, 0x0000000620c00000|  0%| F|  |TAMS 0x0000000620800000, 0x0000000620800000| Untracked 
| 121|0x0000000620c00000, 0x0000000620c00000, 0x0000000621000000|  0%| F|  |TAMS 0x0000000620c00000, 0x0000000620c00000| Untracked 
| 122|0x0000000621000000, 0x0000000621000000, 0x0000000621400000|  0%| F|  |TAMS 0x0000000621000000, 0x0000000621000000| Untracked 
| 123|0x0000000621400000, 0x0000000621400000, 0x0000000621800000|  0%| F|  |TAMS 0x0000000621400000, 0x0000000621400000| Untracked 
| 124|0x0000000621800000, 0x0000000621800000, 0x0000000621c00000|  0%| F|  |TAMS 0x0000000621800000, 0x0000000621800000| Untracked 
| 125|0x0000000621c00000, 0x0000000621c7b628, 0x0000000622000000| 12%| E|  |TAMS 0x0000000621c00000, 0x0000000621c00000| Complete 
| 126|0x0000000622000000, 0x0000000622400000, 0x0000000622400000|100%| E|CS|TAMS 0x0000000622000000, 0x0000000622000000| Complete 
| 127|0x0000000622400000, 0x0000000622800000, 0x0000000622800000|100%| E|CS|TAMS 0x0000000622400000, 0x0000000622400000| Complete 

Card table byte_map: [0x000001d9c1350000,0x000001d9c2340000] _byte_map_base: 0x000001d9be33c000

Marking Bits (Prev, Next): (CMBitMap*) 0x000001d9b5a793a0, (CMBitMap*) 0x000001d9b5a793e0
 Prev Bits: [0x000001d9c3330000, 0x000001d9cb290000)
 Next Bits: [0x000001d9cb290000, 0x000001d9d31f0000)

Polling page: 0x000001d9b51e0000

Metaspace:

Usage:
  Non-class:      2.68 MB used.
      Class:    373.59 KB used.
       Both:      3.04 MB used.

Virtual space:
  Non-class space:        8.00 MB reserved,       2.75 MB ( 34%) committed,  1 nodes.
      Class space:        1.00 GB reserved,     448.00 KB ( <1%) committed,  1 nodes.
             Both:        1.01 GB reserved,       3.19 MB ( <1%) committed. 

Chunk freelists:
   Non-Class:  3.93 MB
       Class:  3.59 MB
        Both:  7.52 MB

MaxMetaspaceSize: unlimited
CompressedClassSpaceSize: 1.00 GB
Initial GC threshold: 21.00 MB
Current GC threshold: 21.00 MB
CDS: on
MetaspaceReclaimPolicy: balanced
 - commit_granule_bytes: 65536.
 - commit_granule_words: 8192.
 - virtual_space_node_default_size: 1048576.
 - enlarge_chunks_in_place: 1.
 - new_chunks_are_fully_committed: 0.
 - uncommit_free_chunks: 1.
 - use_allocation_guard: 0.
 - handle_deallocations: 1.


Internal statistics:

num_allocs_failed_limit: 0.
num_arena_births: 66.
num_arena_deaths: 0.
num_vsnodes_births: 2.
num_vsnodes_deaths: 0.
num_space_committed: 51.
num_space_uncommitted: 0.
num_chunks_returned_to_freelist: 0.
num_chunks_taken_from_freelist: 73.
num_chunk_merges: 0.
num_chunk_splits: 48.
num_chunks_enlarged: 28.
num_purges: 0.
num_inconsistent_stats: 0.

CodeCache: size=49152Kb used=3073Kb max_used=3073Kb free=46078Kb
 bounds [0x000001d9bd250000, 0x000001d9bd560000, 0x000001d9c0250000]
 total_blobs=1090 nmethods=666 adapters=350
 compilation: enabled
              stopped_count=0, restarted_count=0
 full_count=0

Compilation events (20 events):
Event: 0.258 Thread 0x000001d9d5cbb0e0 nmethod 657 0x000001d9bd54d290 code [0x000001d9bd54d460, 0x000001d9bd54d658]
Event: 0.258 Thread 0x000001d9d5cbb5f0 nmethod 658 0x000001d9bd54d790 code [0x000001d9bd54d960, 0x000001d9bd54db98]
Event: 0.259 Thread 0x000001d9d5cbb5f0  659       1       java.lang.StringConcatHelper::simpleConcat (94 bytes)
Event: 0.259 Thread 0x000001d9d5cf30f0  660       1       java.lang.StringConcatHelper::initialCoder (14 bytes)
Event: 0.259 Thread 0x000001d9d5cf30f0 nmethod 660 0x000001d9bd54dc90 code [0x000001d9bd54de20, 0x000001d9bd54ded8]
Event: 0.260 Thread 0x000001d9d5cbb5f0 nmethod 659 0x000001d9bd54df90 code [0x000001d9bd54e1c0, 0x000001d9bd54e878]
Event: 0.261 Thread 0x000001d9d5cbb5f0  661       1       java.lang.invoke.MemberName::isCallerSensitive (8 bytes)
Event: 0.261 Thread 0x000001d9d5cbb0e0  662       1       java.lang.invoke.MemberName::getModifiers (8 bytes)
Event: 0.261 Thread 0x000001d9d5cbb0e0 nmethod 662 0x000001d9bd54ec10 code [0x000001d9bd54eda0, 0x000001d9bd54ee78]
Event: 0.261 Thread 0x000001d9d5cbb5f0 nmethod 661 0x000001d9bd54ef10 code [0x000001d9bd54f0a0, 0x000001d9bd54f198]
Event: 0.261 Thread 0x000001d9d5cbb0e0  663       1       java.lang.invoke.MethodType::toMethodDescriptorString (28 bytes)
Event: 0.261 Thread 0x000001d9d5cbb0e0 nmethod 663 0x000001d9bd54f210 code [0x000001d9bd54f3a0, 0x000001d9bd54f508]
Event: 0.262 Thread 0x000001d9d5cbb0e0  664       1       sun.invoke.util.BytecodeDescriptor::unparseSig (49 bytes)
Event: 0.262 Thread 0x000001d9d5cbb5f0  665       1       jdk.internal.org.objectweb.asm.ByteVector::enlarge (51 bytes)
Event: 0.262 Thread 0x000001d9d5cbb5f0 nmethod 665 0x000001d9bd54f590 code [0x000001d9bd54f740, 0x000001d9bd54f9c8]
Event: 0.262 Thread 0x000001d9d5cbb0e0 nmethod 664 0x000001d9bd54fa90 code [0x000001d9bd54fc80, 0x000001d9bd54fea8]
Event: 0.262 Thread 0x000001d9d5cbb0e0  666       1       sun.invoke.util.BytecodeDescriptor::unparse (24 bytes)
Event: 0.262 Thread 0x000001d9d5cbb0e0 nmethod 666 0x000001d9bd550090 code [0x000001d9bd550240, 0x000001d9bd550388]
Event: 0.263 Thread 0x000001d9d5cbb0e0  667       1       java.lang.invoke.MethodHandles$Lookup::<init> (84 bytes)
Event: 0.263 Thread 0x000001d9d5cbb0e0 nmethod 667 0x000001d9bd550410 code [0x000001d9bd5505a0, 0x000001d9bd550718]

GC Heap History (0 events):
No events

Deoptimization events (0 events):
No events

Classes unloaded (0 events):
No events

Classes redefined (0 events):
No events

Internal exceptions (7 events):
Event: 0.138 Thread 0x000001d9d5ceb070 Exception <a 'java/lang/NoSuchMethodError'{0x0000000622199ba0}: 'java.lang.Object java.lang.invoke.DirectMethodHandle$Holder.invokeStaticInit(java.lang.Object)'> (0x0000000622199ba0) 
thrown [t:\workspace\open\src\hotspot\share\interpreter\linkResolver.cpp, line 766]
Event: 0.144 Thread 0x000001d9d5ceb070 Exception <a 'java/lang/NoSuchMethodError'{0x00000006221a7968}: 'void java.lang.invoke.DirectMethodHandle$Holder.invokeStatic(java.lang.Object, java.lang.Object)'> (0x00000006221a7968) 
thrown [t:\workspace\open\src\hotspot\share\interpreter\linkResolver.cpp, line 766]
Event: 0.169 Thread 0x000001d9b5a03460 Exception <a 'java/lang/NoSuchMethodError'{0x00000006222113c0}: 'int java.lang.invoke.DirectMethodHandle$Holder.invokeInterface(java.lang.Object, java.lang.Object)'> (0x00000006222113c0) 
thrown [t:\workspace\open\src\hotspot\share\interpreter\linkResolver.cpp, line 766]
Event: 0.169 Thread 0x000001d9b5a03460 Exception <a 'java/lang/IncompatibleClassChangeError'{0x00000006222149c0}: Found class java.lang.Object, but interface was expected> (0x00000006222149c0) 
thrown [t:\workspace\open\src\hotspot\share\interpreter\linkResolver.cpp, line 833]
Event: 0.212 Thread 0x000001d9b5a03460 Exception <a 'java/lang/NoSuchMethodError'{0x00000006222e02b0}: 'int java.lang.invoke.DirectMethodHandle$Holder.invokeSpecial(java.lang.Object, java.lang.Object, java.lang.Object)'> (0x00000006222e02b0) 
thrown [t:\workspace\open\src\hotspot\share\interpreter\linkResolver.cpp, line 766]
Event: 0.248 Thread 0x000001d9b5a03460 Exception <a 'java/lang/NoSuchMethodError'{0x00000006223daac0}: 'void java.lang.invoke.DirectMethodHandle$Holder.invokeStatic(java.lang.Object, java.lang.Object, java.lang.Object)'> (0x00000006223daac0) 
thrown [t:\workspace\open\src\hotspot\share\interpreter\linkResolver.cpp, line 766]
Event: 0.256 Thread 0x000001d9b5a03460 Exception <a 'java/lang/NoSuchMethodError'{0x0000000621c17760}: 'int java.lang.invoke.DirectMethodHandle$Holder.invokeSpecialIFC(java.lang.Object, java.lang.Object, java.lang.Object)'> (0x0000000621c17760) 
thrown [t:\workspace\open\src\hotspot\share\interpreter\linkResolver.cpp, line 766]

VM Operations (2 events):
Event: 0.137 Executing VM operation: HandshakeAllThreads
Event: 0.137 Executing VM operation: HandshakeAllThreads done

Events (20 events):
Event: 0.263 loading class sun/rmi/server/Util
Event: 0.263 loading class sun/rmi/server/Util done
Event: 0.263 loading class java/rmi/server/LogStream
Event: 0.263 loading class java/rmi/server/LogStream done
Event: 0.263 loading class sun/rmi/runtime/Log
Event: 0.263 loading class sun/rmi/runtime/Log done
Event: 0.263 loading class java/lang/StackWalker$Option
Event: 0.264 loading class java/lang/StackWalker$Option done
Event: 0.264 loading class sun/rmi/runtime/Log$LoggerLogFactory
Event: 0.264 loading class sun/rmi/runtime/Log$LogFactory
Event: 0.264 loading class sun/rmi/runtime/Log$LogFactory done
Event: 0.264 loading class sun/rmi/runtime/Log$LoggerLogFactory done
Event: 0.264 loading class sun/rmi/runtime/Log$LoggerLog
Event: 0.264 loading class sun/rmi/runtime/Log$LoggerLog done
Event: 0.264 loading class sun/rmi/runtime/Log$LoggerLog$1
Event: 0.264 loading class sun/rmi/runtime/Log$LoggerLog$1 done
Event: 0.264 loading class sun/rmi/runtime/Log$InternalStreamHandler
Event: 0.264 loading class java/util/logging/StreamHandler
Event: 0.264 loading class java/util/logging/StreamHandler done
Event: 0.264 loading class sun/rmi/runtime/Log$InternalStreamHandler done


Dynamic libraries:
0x00007ff736f90000 - 0x00007ff736f9e000 	C:\Users\Batutin-K\.jdks\openjdk-17.0.2\bin\java.exe
0x00007fffd6630000 - 0x00007fffd6825000 	C:\Windows\SYSTEM32\ntdll.dll
0x00007fffd5b30000 - 0x00007fffd5bed000 	C:\Windows\System32\KERNEL32.DLL
0x00007fffd3dc0000 - 0x00007fffd4089000 	C:\Windows\System32\KERNELBASE.dll
0x00007fffd4130000 - 0x00007fffd4230000 	C:\Windows\System32\ucrtbase.dll
0x00007fffb26a0000 - 0x00007fffb26b8000 	C:\Users\Batutin-K\.jdks\openjdk-17.0.2\bin\jli.dll
0x00007fffd5bf0000 - 0x00007fffd5d90000 	C:\Windows\System32\USER32.dll
0x00007fffd4230000 - 0x00007fffd4252000 	C:\Windows\System32\win32u.dll
0x00007fffd5fb0000 - 0x00007fffd5fda000 	C:\Windows\System32\GDI32.dll
0x00007fffd4400000 - 0x00007fffd450b000 	C:\Windows\System32\gdi32full.dll
0x00007fffd4090000 - 0x00007fffd412d000 	C:\Windows\System32\msvcp_win.dll
0x00007fffaf8d0000 - 0x00007fffaf8ea000 	C:\Users\Batutin-K\.jdks\openjdk-17.0.2\bin\VCRUNTIME140.dll
0x00007fffb6010000 - 0x00007fffb62aa000 	C:\Windows\WinSxS\amd64_microsoft.windows.common-controls_6595b64144ccf1df_6.0.19041.1083_none_60bbe31371f34e71\COMCTL32.dll
0x00007fffd5680000 - 0x00007fffd571e000 	C:\Windows\System32\msvcrt.dll
0x00007fffd46a0000 - 0x00007fffd46d0000 	C:\Windows\System32\IMM32.DLL
0x00007fffcf4c0000 - 0x00007fffcf4cc000 	C:\Users\Batutin-K\.jdks\openjdk-17.0.2\bin\vcruntime140_1.dll
0x00007fffa0070000 - 0x00007fffa00fd000 	C:\Users\Batutin-K\.jdks\openjdk-17.0.2\bin\msvcp140.dll
0x00007fff82310000 - 0x00007fff82ed1000 	C:\Users\Batutin-K\.jdks\openjdk-17.0.2\bin\server\jvm.dll
0x00007fffd5720000 - 0x00007fffd57cc000 	C:\Windows\System32\ADVAPI32.dll
0x00007fffd6550000 - 0x00007fffd65eb000 	C:\Windows\System32\sechost.dll
0x00007fffd5fe0000 - 0x00007fffd610a000 	C:\Windows\System32\RPCRT4.dll
0x00007fffd4c70000 - 0x00007fffd4c78000 	C:\Windows\System32\PSAPI.DLL
0x00007fffc7ce0000 - 0x00007fffc7ce9000 	C:\Windows\SYSTEM32\WSOCK32.dll
0x00007fffd64d0000 - 0x00007fffd653b000 	C:\Windows\System32\WS2_32.dll
0x00007fffb6830000 - 0x00007fffb6857000 	C:\Windows\SYSTEM32\WINMM.dll
0x00007fffcc8e0000 - 0x00007fffcc8ea000 	C:\Windows\SYSTEM32\VERSION.dll
0x00007fffd2630000 - 0x00007fffd2642000 	C:\Windows\SYSTEM32\kernel.appcore.dll
0x00007fffb2920000 - 0x00007fffb292a000 	C:\Users\Batutin-K\.jdks\openjdk-17.0.2\bin\jimage.dll
0x00007fffd1a40000 - 0x00007fffd1c24000 	C:\Windows\SYSTEM32\DBGHELP.DLL
0x00007fffb62b0000 - 0x00007fffb62dc000 	C:\Windows\SYSTEM32\dbgcore.DLL
0x00007fffd4310000 - 0x00007fffd4393000 	C:\Windows\System32\bcryptPrimitives.dll
0x00007fffcacd0000 - 0x00007fffcacde000 	C:\Users\Batutin-K\.jdks\openjdk-17.0.2\bin\instrument.dll
0x00007fffa89e0000 - 0x00007fffa8a05000 	C:\Users\Batutin-K\.jdks\openjdk-17.0.2\bin\java.dll
0x00007fff951f0000 - 0x00007fff952c6000 	C:\Users\Batutin-K\.jdks\openjdk-17.0.2\bin\jsvml.dll
0x00007fffd4c80000 - 0x00007fffd53bf000 	C:\Windows\System32\SHELL32.dll
0x00007fffd1e30000 - 0x00007fffd25c1000 	C:\Windows\SYSTEM32\windows.storage.dll
0x00007fffd57d0000 - 0x00007fffd5b25000 	C:\Windows\System32\combase.dll
0x00007fffd3630000 - 0x00007fffd365c000 	C:\Windows\SYSTEM32\Wldp.dll
0x00007fffd53d0000 - 0x00007fffd547e000 	C:\Windows\System32\SHCORE.dll
0x00007fffd6340000 - 0x00007fffd6395000 	C:\Windows\System32\shlwapi.dll
0x00007fffd3cb0000 - 0x00007fffd3ccf000 	C:\Windows\SYSTEM32\profapi.dll
0x00007fffa5070000 - 0x00007fffa5088000 	C:\Users\Batutin-K\.jdks\openjdk-17.0.2\bin\zip.dll
0x00007fffaf740000 - 0x00007fffaf759000 	C:\Users\Batutin-K\.jdks\openjdk-17.0.2\bin\net.dll
0x00007fffc1630000 - 0x00007fffc173a000 	C:\Windows\SYSTEM32\WINHTTP.dll
0x00007fffd3410000 - 0x00007fffd347a000 	C:\Windows\system32\mswsock.dll
0x00007fffa7690000 - 0x00007fffa76a6000 	C:\Users\Batutin-K\.jdks\openjdk-17.0.2\bin\nio.dll
0x00007fffa3f10000 - 0x00007fffa3f2a000 	C:\Program Files\JetBrains\IntelliJ IDEA 2021.1.3\bin\breakgen64.dll
0x00007fffd3170000 - 0x00007fffd323c000 	C:\Windows\SYSTEM32\DNSAPI.dll
0x00007fffd3120000 - 0x00007fffd315b000 	C:\Windows\SYSTEM32\IPHLPAPI.DLL
0x00007fffd6540000 - 0x00007fffd6548000 	C:\Windows\System32\NSI.dll
0x00007fffc64c0000 - 0x00007fffc64ca000 	C:\Windows\System32\rasadhlp.dll
0x00007fffcd3f0000 - 0x00007fffcd46f000 	C:\Windows\System32\fwpuclnt.dll
0x00007fffd4670000 - 0x00007fffd4697000 	C:\Windows\System32\bcrypt.dll
0x00007fffcac20000 - 0x00007fffcac29000 	C:\Users\Batutin-K\.jdks\openjdk-17.0.2\bin\management.dll
0x00007fffbbde0000 - 0x00007fffbbdeb000 	C:\Users\Batutin-K\.jdks\openjdk-17.0.2\bin\management_ext.dll

dbghelp: loaded successfully - version: 4.0.5 - missing functions: none
symbol engine: initialized successfully - sym options: 0x614 - pdb path: .;C:\Users\Batutin-K\.jdks\openjdk-17.0.2\bin;C:\Windows\SYSTEM32;C:\Windows\WinSxS\amd64_microsoft.windows.common-controls_6595b64144ccf1df_6.0.19041.1083_none_60bbe31371f34e71;C:\Users\Batutin-K\.jdks\openjdk-17.0.2\bin\server;C:\Program Files\JetBrains\IntelliJ IDEA 2021.1.3\bin

VM Arguments:
jvm_args: -XX:TieredStopAtLevel=1 -Dspring.output.ansi.enabled=always -Dcom.sun.management.jmxremote -Dspring.jmx.enabled=true -Dspring.liveBeansView.mbeanDomain -Dspring.application.admin.enabled=true -Dmanagement.endpoints.jmx.exposure.include=* -javaagent:C:\Program Files\JetBrains\IntelliJ IDEA 2021.1.3\lib\idea_rt.jar=62496:C:\Program Files\JetBrains\IntelliJ IDEA 2021.1.3\bin -Dfile.encoding=UTF-8 
java_command: com.example.demo.DemoApplication
java_class_path (initial): C:\Users\Batutin-K\IdeaProjects\demo\target\classes;C:\Users\Batutin-K\.m2\repository\org\springframework\boot\spring-boot-starter-web\3.0.6\spring-boot-starter-web-3.0.6.jar;C:\Users\Batutin-K\.m2\repository\org\springframework\boot\spring-boot-starter\3.0.6\spring-boot-starter-3.0.6.jar;C:\Users\Batutin-K\.m2\repository\org\springframework\boot\spring-boot\3.0.6\spring-boot-3.0.6.jar;C:\Users\Batutin-K\.m2\repository\org\springframework\boot\spring-boot-autoconfigure\3.0.6\spring-boot-autoconfigure-3.0.6.jar;C:\Users\Batutin-K\.m2\repository\org\springframework\boot\spring-boot-starter-logging\3.0.6\spring-boot-starter-logging-3.0.6.jar;C:\Users\Batutin-K\.m2\repository\ch\qos\logback\logback-classic\1.4.7\logback-classic-1.4.7.jar;C:\Users\Batutin-K\.m2\repository\ch\qos\logback\logback-core\1.4.7\logback-core-1.4.7.jar;C:\Users\Batutin-K\.m2\repository\org\apache\logging\log4j\log4j-to-slf4j\2.19.0\log4j-to-slf4j-2.19.0.jar;C:\Users\Batutin-K\.m2\repository\org\apache\logging\log4j\log4j-api\2.19.0\log4j-api-2.19.0.jar;C:\Users\Batutin-K\.m2\repository\org\slf4j\jul-to-slf4j\2.0.7\jul-to-slf4j-2.0.7.jar;C:\Users\Batutin-K\.m2\repository\jakarta\annotation\jakarta.annotation-api\2.1.1\jakarta.annotation-api-2.1.1.jar;C:\Users\Batutin-K\.m2\repository\org\yaml\snakeyaml\1.33\snakeyaml-1.33.jar;C:\Users\Batutin-K\.m2\repository\org\springframework\boot\spring-boot-starter-json\3.0.6\spring-boot-starter-json-3.0.6.jar;C:\Users\Batutin-K\.m2\repository\com\fasterxml\jackson\core\jackson-databind\2.14.2\jackson-databind-2.14.2.jar;C:\Users\Batutin-K\.m2\repository\com\fasterxml\jackson\core\jackson-annotations\2.14.2\jackson-annotations-2.14.2.jar;C:\Users\Batutin-K\.m2\repository\com\fasterxml\jackson\core\jackson-core\2.14.2\jackson-core-2.14.2.jar;C:\Users\Batutin-K\.m2\repository\com\fasterxml\jackson\datatype\jackson-datatype-jdk8\2.14.2\jackson-datatype-jdk8-2.14.2.jar;C:\Users\Batutin-K\.m2\repository\com\fasterxml\jackson\datatype\
Launcher Type: SUN_STANDARD

[Global flags]
     intx CICompilerCount                          = 4                                         {product} {ergonomic}
     uint ConcGCThreads                            = 2                                         {product} {ergonomic}
     uint G1ConcRefinementThreads                  = 8                                         {product} {ergonomic}
   size_t G1HeapRegionSize                         = 4194304                                   {product} {ergonomic}
    uintx GCDrainStackTargetSize                   = 64                                        {product} {ergonomic}
   size_t InitialHeapSize                          = 536870912                                 {product} {ergonomic}
     bool ManagementServer                         = true                                      {product} {command line}
   size_t MarkStackSize                            = 4194304                                   {product} {ergonomic}
   size_t MaxHeapSize                              = 8547991552                                {product} {ergonomic}
   size_t MaxNewSize                               = 5125439488                                {product} {ergonomic}
   size_t MinHeapDeltaBytes                        = 4194304                                   {product} {ergonomic}
   size_t MinHeapSize                              = 8388608                                   {product} {ergonomic}
    uintx NonProfiledCodeHeapSize                  = 0                                      {pd product} {ergonomic}
     bool ProfileInterpreter                       = false                                  {pd product} {command line}
    uintx ProfiledCodeHeapSize                     = 0                                      {pd product} {ergonomic}
   size_t SoftMaxHeapSize                          = 8547991552                             {manageable} {ergonomic}
     intx TieredStopAtLevel                        = 1                                         {product} {command line}
     bool UseCompressedClassPointers               = true                           {product lp64_product} {ergonomic}
     bool UseCompressedOops                        = true                           {product lp64_product} {ergonomic}
     bool UseG1GC                                  = true                                      {product} {ergonomic}
     bool UseLargePagesIndividualAllocation        = false                                  {pd product} {ergonomic}

Logging:
Log output configuration:
 #0: stdout all=warning uptime,level,tags
 #1: stderr all=off uptime,level,tags

Environment Variables:
JAVA_HOME=C:\Users\Batutin-K\.jdks\corretto-1.8.0_292
PATH=C:\Program Files\Common Files\Oracle\Java\javapath;C:\Program Files (x86)\Common Files\Oracle\Java\javapath;C:\Program Files (x86)\VMware\VMware Workstation\bin\;C:\Windows\system32;C:\Windows;C:\Windows\System32\Wbem;C:\Windows\System32\WindowsPowerShell\v1.0\;C:\Windows\System32\OpenSSH\;C:\Program Files\SafeNet\Authentication\SAC\x64;C:\Program Files\SafeNet\Authentication\SAC\x32;C:\root;C:\root\FAR;C:\Program Files\Git\cmd;C:\Program Files (x86)\Java\jre1.8.0_331\bin;C:\Program Files (x86)\Common Files\SecurIT;C:\Program Files\Docker\Docker\resources\bin;C:\Users\Batutin-K\AppData\Local\Microsoft\WindowsApps;C:\Users\Batutin-K\AppData\Local\Programs\Git\cmd;C:\Users\Batutin-K\.jdks\corretto-1.8.0_292;
USERNAME=batutin-k
OS=Windows_NT
PROCESSOR_IDENTIFIER=Intel64 Family 6 Model 142 Stepping 12, GenuineIntel



---------------  S Y S T E M  ---------------

OS:
 Windows 10 , 64 bit Build 19041 (10.0.19041.1023)
OS uptime: 5 days 8:52 hours
Hyper-V role detected

CPU: total 8 (initial active 8) (4 cores per cpu, 2 threads per core) family 6 model 142 stepping 12 microcode 0xea, cx8, cmov, fxsr, ht, mmx, 3dnowpref, sse, sse2, sse3, ssse3, sse4.1, sse4.2, popcnt, lzcnt, tsc, tscinvbit, avx, avx2, aes, erms, clmul, bmi1, bmi2, adx, fma, vzeroupper, clflush, clflushopt, hv

Memory: 4k page, system-wide physical 32605M (11023M free)
TotalPageFile size 40701M (AvailPageFile size 2M)
current process WorkingSet (physical memory assigned to process): 45M, peak: 45M
current process commit charge ("private bytes"): 611M, peak: 611M

vm_info: OpenJDK 64-Bit Server VM (17.0.2+8-86) for windows-amd64 JRE (17.0.2+8-86), built on Dec  7 2021 21:49:10 by "mach5one" with MS VC++ 16.8 / 16.9 (VS2019)

END.
