#
# There is insufficient memory for the Java Runtime Environment to continue.
# Native memory allocation (mmap) failed to map 65536 bytes for Failed to commit metaspace.
# Possible reasons:
#   The system is out of physical RAM or swap space
#   The process is running with CompressedOops enabled, and the Java Heap may be blocking the growth of the native heap
# Possible solutions:
#   Reduce memory load on the system
#   Increase physical memory or swap space
#   Check if swap backing store is full
#   Decrease Java heap size (-Xmx/-Xms)
#   Decrease number of Java threads
#   Decrease Java thread stack sizes (-Xss)
#   Set larger code cache with -XX:ReservedCodeCacheSize=
#   JVM is running with Zero Based Compressed Oops mode in which the Java heap is
#     placed in the first 32GB address space. The Java Heap base address is the
#     maximum limit for the native heap growth. Please use -XX:HeapBaseMinAddress
#     to set the Java Heap base and to place the Java Heap above 32GB virtual address.
# This output file may be truncated or incomplete.
#
#  Out of Memory Error (virtualSpaceNode.cpp:110), pid=19628, tid=23660
#
# JRE version: OpenJDK Runtime Environment (17.0.2+8) (build 17.0.2+8-86)
# Java VM: OpenJDK 64-Bit Server VM (17.0.2+8-86, mixed mode, emulated-client, sharing, tiered, compressed oops, compressed class ptrs, g1 gc, windows-amd64)
# No core dump will be written. Minidumps are not enabled by default on client versions of Windows
#

---------------  S U M M A R Y ------------

Command Line: -XX:TieredStopAtLevel=1 -Dspring.output.ansi.enabled=always -Dcom.sun.management.jmxremote -Dspring.jmx.enabled=true -Dspring.liveBeansView.mbeanDomain -Dspring.application.admin.enabled=true -Dmanagement.endpoints.jmx.exposure.include=* -javaagent:C:\Program Files\JetBrains\IntelliJ IDEA 2021.1.3\lib\idea_rt.jar=62501:C:\Program Files\JetBrains\IntelliJ IDEA 2021.1.3\bin -Dfile.encoding=UTF-8 com.example.demo.DemoApplication

Host: Intel(R) Core(TM) i7-10510U CPU @ 1.80GHz, 8 cores, 31G,  Windows 10 , 64 bit Build 19041 (10.0.19041.1023)
Time: Tue May  9 16:56:06 2023 RTZ 2 (s 10 , 64 bit Build 19041 (10.0.19041.1023) elapsed time: 0.466393 seconds (0d 0h 0m 0s)

---------------  T H R E A D  ---------------

Current thread (0x0000024152b73460):  JavaThread "main" [_thread_in_vm, id=23660, stack(0x00000052fe400000,0x00000052fe500000)]

Stack: [0x00000052fe400000,0x00000052fe500000]
Native frames: (J=compiled Java code, j=interpreted, Vv=VM code, C=native code)
V  [jvm.dll+0x670baa]
V  [jvm.dll+0x7cfcb4]
V  [jvm.dll+0x7d145e]
V  [jvm.dll+0x7d1ac3]
V  [jvm.dll+0x242bc5]
V  [jvm.dll+0x7cbc5b]
V  [jvm.dll+0x616966]
V  [jvm.dll+0x1be3ee]
V  [jvm.dll+0x6192a1]
V  [jvm.dll+0x617306]
V  [jvm.dll+0x1e82de]
V  [jvm.dll+0x1e8d9f]
V  [jvm.dll+0x1de251]
V  [jvm.dll+0x537c30]
V  [jvm.dll+0x74ad28]
V  [jvm.dll+0x74ae14]
V  [jvm.dll+0x408cc5]
V  [jvm.dll+0x40ed18]
C  [java.dll+0x17ec]

Java frames: (J=compiled Java code, j=interpreted, Vv=VM code)
J 1082  java.lang.ClassLoader.defineClass1(Ljava/lang/ClassLoader;Ljava/lang/String;[BIILjava/security/ProtectionDomain;Ljava/lang/String;)Ljava/lang/Class; java.base@17.0.2 (0 bytes) @ 0x000002415a800ae3 [0x000002415a800a20+0x00000000000000c3]
j  java.lang.ClassLoader.defineClass(Ljava/lang/String;[BIILjava/security/ProtectionDomain;)Ljava/lang/Class;+27 java.base@17.0.2
J 1095 c1 jdk.internal.loader.BuiltinClassLoader.defineClass(Ljava/lang/String;Ljdk/internal/loader/Resource;)Ljava/lang/Class; java.base@17.0.2 (121 bytes) @ 0x000002415a808f74 [0x000002415a808aa0+0x00000000000004d4]
J 1083 c1 jdk.internal.loader.BuiltinClassLoader.findClassOnClassPathOrNull(Ljava/lang/String;)Ljava/lang/Class; java.base@17.0.2 (64 bytes) @ 0x000002415a801d44 [0x000002415a801a80+0x00000000000002c4]
J 886 c1 jdk.internal.loader.BuiltinClassLoader.loadClassOrNull(Ljava/lang/String;Z)Ljava/lang/Class; java.base@17.0.2 (143 bytes) @ 0x000002415a7a7a04 [0x000002415a7a7580+0x0000000000000484]
J 979 c1 jdk.internal.loader.ClassLoaders$AppClassLoader.loadClass(Ljava/lang/String;Z)Ljava/lang/Class; java.base@17.0.2 (40 bytes) @ 0x000002415a7d44ac [0x000002415a7d4360+0x000000000000014c]
J 978 c1 java.lang.ClassLoader.loadClass(Ljava/lang/String;)Ljava/lang/Class; java.base@17.0.2 (7 bytes) @ 0x000002415a7d38e4 [0x000002415a7d38a0+0x0000000000000044]
v  ~StubRoutines::call_stub
j  org.springframework.boot.context.logging.LoggingApplicationListener.<clinit>()V+22
v  ~StubRoutines::call_stub
j  jdk.internal.reflect.NativeConstructorAccessorImpl.newInstance0(Ljava/lang/reflect/Constructor;[Ljava/lang/Object;)Ljava/lang/Object;+0 java.base@17.0.2
j  jdk.internal.reflect.NativeConstructorAccessorImpl.newInstance([Ljava/lang/Object;)Ljava/lang/Object;+118 java.base@17.0.2
j  jdk.internal.reflect.DelegatingConstructorAccessorImpl.newInstance([Ljava/lang/Object;)Ljava/lang/Object;+5 java.base@17.0.2
j  java.lang.reflect.Constructor.newInstanceWithCaller([Ljava/lang/Object;ZLjava/lang/Class;)Ljava/lang/Object;+65 java.base@17.0.2
j  java.lang.reflect.Constructor.newInstance([Ljava/lang/Object;)Ljava/lang/Object;+30 java.base@17.0.2
j  org.springframework.core.io.support.SpringFactoriesLoader$FactoryInstantiator.instantiate(Lorg/springframework/core/io/support/SpringFactoriesLoader$ArgumentResolver;)Ljava/lang/Object;+33
j  org.springframework.core.io.support.SpringFactoriesLoader.instantiateFactory(Ljava/lang/String;Ljava/lang/Class;Lorg/springframework/core/io/support/SpringFactoriesLoader$ArgumentResolver;Lorg/springframework/core/io/support/SpringFactoriesLoader$FailureHandler;)Ljava/lang/Object;+36
j  org.springframework.core.io.support.SpringFactoriesLoader.load(Ljava/lang/Class;Lorg/springframework/core/io/support/SpringFactoriesLoader$ArgumentResolver;Lorg/springframework/core/io/support/SpringFactoriesLoader$FailureHandler;)Ljava/util/List;+99
j  org.springframework.core.io.support.SpringFactoriesLoader.load(Ljava/lang/Class;Lorg/springframework/core/io/support/SpringFactoriesLoader$ArgumentResolver;)Ljava/util/List;+4
j  org.springframework.boot.SpringApplication.getSpringFactoriesInstances(Ljava/lang/Class;Lorg/springframework/core/io/support/SpringFactoriesLoader$ArgumentResolver;)Ljava/util/List;+9
j  org.springframework.boot.SpringApplication.getSpringFactoriesInstances(Ljava/lang/Class;)Ljava/util/List;+3
j  org.springframework.boot.SpringApplication.<init>(Lorg/springframework/core/io/ResourceLoader;[Ljava/lang/Class;)V+142
j  org.springframework.boot.SpringApplication.<init>([Ljava/lang/Class;)V+3
j  org.springframework.boot.SpringApplication.run([Ljava/lang/Class;[Ljava/lang/String;)Lorg/springframework/context/ConfigurableApplicationContext;+5
j  org.springframework.boot.SpringApplication.run(Ljava/lang/Class;[Ljava/lang/String;)Lorg/springframework/context/ConfigurableApplicationContext;+9
j  com.example.demo.DemoApplication.main([Ljava/lang/String;)V+3
v  ~StubRoutines::call_stub

---------------  P R O C E S S  ---------------

Threads class SMR info:
_java_thread_list=0x0000024173fecba0, length=16, elements={
0x0000024152b73460, 0x0000024172e63950, 0x0000024172e671f0, 0x0000024173813990,
0x0000024173814800, 0x00000241738173d0, 0x000002417381fd90, 0x0000024173823cf0,
0x00000241738246e0, 0x00000241738fd870, 0x00000241739035f0, 0x0000024173907b10,
0x0000024173919440, 0x00000241738ff550, 0x00000241738fd3a0, 0x00000241738ff080
}

Java Threads: ( => current thread )
=>0x0000024152b73460 JavaThread "main" [_thread_in_vm, id=23660, stack(0x00000052fe400000,0x00000052fe500000)]
  0x0000024172e63950 JavaThread "Reference Handler" daemon [_thread_blocked, id=21512, stack(0x00000052feb00000,0x00000052fec00000)]
  0x0000024172e671f0 JavaThread "Finalizer" daemon [_thread_blocked, id=18600, stack(0x00000052fec00000,0x00000052fed00000)]
  0x0000024173813990 JavaThread "Signal Dispatcher" daemon [_thread_blocked, id=1920, stack(0x00000052fed00000,0x00000052fee00000)]
  0x0000024173814800 JavaThread "Attach Listener" daemon [_thread_blocked, id=10872, stack(0x00000052fee00000,0x00000052fef00000)]
  0x00000241738173d0 JavaThread "Service Thread" daemon [_thread_blocked, id=13708, stack(0x00000052fef00000,0x00000052ff000000)]
  0x000002417381fd90 JavaThread "Monitor Deflation Thread" daemon [_thread_blocked, id=21812, stack(0x00000052ff000000,0x00000052ff100000)]
  0x0000024173823cf0 JavaThread "C1 CompilerThread0" daemon [_thread_blocked, id=17804, stack(0x00000052ff100000,0x00000052ff200000)]
  0x00000241738246e0 JavaThread "Sweeper thread" daemon [_thread_blocked, id=23032, stack(0x00000052ff200000,0x00000052ff300000)]
  0x00000241738fd870 JavaThread "Common-Cleaner" daemon [_thread_blocked, id=11068, stack(0x00000052ff300000,0x00000052ff400000)]
  0x00000241739035f0 JavaThread "C1 CompilerThread1" daemon [_thread_blocked, id=22768, stack(0x00000052ff400000,0x00000052ff500000)]
  0x0000024173907b10 JavaThread "C1 CompilerThread2" daemon [_thread_blocked, id=5528, stack(0x00000052ff500000,0x00000052ff600000)]
  0x0000024173919440 JavaThread "C1 CompilerThread3" daemon [_thread_blocked, id=21668, stack(0x00000052ff600000,0x00000052ff700000)]
  0x00000241738ff550 JavaThread "Monitor Ctrl-Break" daemon [_thread_in_native, id=19092, stack(0x00000052ff700000,0x00000052ff800000)]
  0x00000241738fd3a0 JavaThread "Notification Thread" daemon [_thread_blocked, id=18716, stack(0x00000052ff800000,0x00000052ff900000)]
  0x00000241738ff080 JavaThread "RMI TCP Accept-0" daemon [_thread_in_native, id=15256, stack(0x00000052ff900000,0x00000052ffa00000)]

Other Threads:
  0x0000024172e5e730 VMThread "VM Thread" [stack: 0x00000052fea00000,0x00000052feb00000] [id=8100]
  0x0000024152b74410 WatcherThread [stack: 0x00000052ffa00000,0x00000052ffb00000] [id=22524]
  0x0000024152be8d90 GCTaskThread "GC Thread#0" [stack: 0x00000052fe500000,0x00000052fe600000] [id=21764]
  0x0000024152bfa3a0 ConcurrentGCThread "G1 Main Marker" [stack: 0x00000052fe600000,0x00000052fe700000] [id=21260]
  0x0000024152bfb550 ConcurrentGCThread "G1 Conc#0" [stack: 0x00000052fe700000,0x00000052fe800000] [id=16744]
  0x0000024172d17a20 ConcurrentGCThread "G1 Refine#0" [stack: 0x00000052fe800000,0x00000052fe900000] [id=21236]
  0x0000024172d19450 ConcurrentGCThread "G1 Service" [stack: 0x00000052fe900000,0x00000052fea00000] [id=9900]

Threads with active compile tasks:

VM state: not at safepoint (normal execution)

VM Mutex/Monitor currently owned by a thread:  ([mutex/lock_event])
[0x0000024152b6f290] Metaspace_lock - owner thread: 0x0000024152b73460

Heap address: 0x0000000602800000, size: 8152 MB, Compressed Oops mode: Zero based, Oop shift amount: 3

CDS archive(s) mapped at: [0x0000000800000000-0x0000000800bc0000-0x0000000800bc0000), size 12320768, SharedBaseAddress: 0x0000000800000000, ArchiveRelocationMode: 0.
Compressed class space mapped at: 0x0000000800c00000-0x0000000840c00000, reserved size: 1073741824
Narrow klass base: 0x0000000800000000, Narrow klass shift: 0, Narrow klass range: 0x100000000

GC Precious Log:
 CPUs: 8 total, 8 available
 Memory: 32605M
 Large Page Support: Disabled
 NUMA Support: Disabled
 Compressed Oops: Enabled (Zero based)
 Heap Region Size: 4M
 Heap Min Capacity: 8M
 Heap Initial Capacity: 512M
 Heap Max Capacity: 8152M
 Pre-touch: Disabled
 Parallel Workers: 8
 Concurrent Workers: 2
 Concurrent Refinement Workers: 8
 Periodic GC: Disabled

Heap:
 garbage-first heap   total 524288K, used 16384K [0x0000000602800000, 0x0000000800000000)
  region size 4096K, 5 young (20480K), 0 survivors (0K)
 Metaspace       used 6251K, committed 6336K, reserved 1056768K
  class space    used 776K, committed 832K, reserved 1048576K

Heap Regions: E=young(eden), S=young(survivor), O=old, HS=humongous(starts), HC=humongous(continues), CS=collection set, F=free, OA=open archive, CA=closed archive, TAMS=top-at-mark-start (previous, next)
|   0|0x0000000602800000, 0x0000000602800000, 0x0000000602c00000|  0%| F|  |TAMS 0x0000000602800000, 0x0000000602800000| Untracked 
|   1|0x0000000602c00000, 0x0000000602c00000, 0x0000000603000000|  0%| F|  |TAMS 0x0000000602c00000, 0x0000000602c00000| Untracked 
|   2|0x0000000603000000, 0x0000000603000000, 0x0000000603400000|  0%| F|  |TAMS 0x0000000603000000, 0x0000000603000000| Untracked 
|   3|0x0000000603400000, 0x0000000603400000, 0x0000000603800000|  0%| F|  |TAMS 0x0000000603400000, 0x0000000603400000| Untracked 
|   4|0x0000000603800000, 0x0000000603800000, 0x0000000603c00000|  0%| F|  |TAMS 0x0000000603800000, 0x0000000603800000| Untracked 
|   5|0x0000000603c00000, 0x0000000603c00000, 0x0000000604000000|  0%| F|  |TAMS 0x0000000603c00000, 0x0000000603c00000| Untracked 
|   6|0x0000000604000000, 0x0000000604000000, 0x0000000604400000|  0%| F|  |TAMS 0x0000000604000000, 0x0000000604000000| Untracked 
|   7|0x0000000604400000, 0x0000000604400000, 0x0000000604800000|  0%| F|  |TAMS 0x0000000604400000, 0x0000000604400000| Untracked 
|   8|0x0000000604800000, 0x0000000604800000, 0x0000000604c00000|  0%| F|  |TAMS 0x0000000604800000, 0x0000000604800000| Untracked 
|   9|0x0000000604c00000, 0x0000000604c00000, 0x0000000605000000|  0%| F|  |TAMS 0x0000000604c00000, 0x0000000604c00000| Untracked 
|  10|0x0000000605000000, 0x0000000605000000, 0x0000000605400000|  0%| F|  |TAMS 0x0000000605000000, 0x0000000605000000| Untracked 
|  11|0x0000000605400000, 0x0000000605400000, 0x0000000605800000|  0%| F|  |TAMS 0x0000000605400000, 0x0000000605400000| Untracked 
|  12|0x0000000605800000, 0x0000000605800000, 0x0000000605c00000|  0%| F|  |TAMS 0x0000000605800000, 0x0000000605800000| Untracked 
|  13|0x0000000605c00000, 0x0000000605c00000, 0x0000000606000000|  0%| F|  |TAMS 0x0000000605c00000, 0x0000000605c00000| Untracked 
|  14|0x0000000606000000, 0x0000000606000000, 0x0000000606400000|  0%| F|  |TAMS 0x0000000606000000, 0x0000000606000000| Untracked 
|  15|0x0000000606400000, 0x0000000606400000, 0x0000000606800000|  0%| F|  |TAMS 0x0000000606400000, 0x0000000606400000| Untracked 
|  16|0x0000000606800000, 0x0000000606800000, 0x0000000606c00000|  0%| F|  |TAMS 0x0000000606800000, 0x0000000606800000| Untracked 
|  17|0x0000000606c00000, 0x0000000606c00000, 0x0000000607000000|  0%| F|  |TAMS 0x0000000606c00000, 0x0000000606c00000| Untracked 
|  18|0x0000000607000000, 0x0000000607000000, 0x0000000607400000|  0%| F|  |TAMS 0x0000000607000000, 0x0000000607000000| Untracked 
|  19|0x0000000607400000, 0x0000000607400000, 0x0000000607800000|  0%| F|  |TAMS 0x0000000607400000, 0x0000000607400000| Untracked 
|  20|0x0000000607800000, 0x0000000607800000, 0x0000000607c00000|  0%| F|  |TAMS 0x0000000607800000, 0x0000000607800000| Untracked 
|  21|0x0000000607c00000, 0x0000000607c00000, 0x0000000608000000|  0%| F|  |TAMS 0x0000000607c00000, 0x0000000607c00000| Untracked 
|  22|0x0000000608000000, 0x0000000608000000, 0x0000000608400000|  0%| F|  |TAMS 0x0000000608000000, 0x0000000608000000| Untracked 
|  23|0x0000000608400000, 0x0000000608400000, 0x0000000608800000|  0%| F|  |TAMS 0x0000000608400000, 0x0000000608400000| Untracked 
|  24|0x0000000608800000, 0x0000000608800000, 0x0000000608c00000|  0%| F|  |TAMS 0x0000000608800000, 0x0000000608800000| Untracked 
|  25|0x0000000608c00000, 0x0000000608c00000, 0x0000000609000000|  0%| F|  |TAMS 0x0000000608c00000, 0x0000000608c00000| Untracked 
|  26|0x0000000609000000, 0x0000000609000000, 0x0000000609400000|  0%| F|  |TAMS 0x0000000609000000, 0x0000000609000000| Untracked 
|  27|0x0000000609400000, 0x0000000609400000, 0x0000000609800000|  0%| F|  |TAMS 0x0000000609400000, 0x0000000609400000| Untracked 
|  28|0x0000000609800000, 0x0000000609800000, 0x0000000609c00000|  0%| F|  |TAMS 0x0000000609800000, 0x0000000609800000| Untracked 
|  29|0x0000000609c00000, 0x0000000609c00000, 0x000000060a000000|  0%| F|  |TAMS 0x0000000609c00000, 0x0000000609c00000| Untracked 
|  30|0x000000060a000000, 0x000000060a000000, 0x000000060a400000|  0%| F|  |TAMS 0x000000060a000000, 0x000000060a000000| Untracked 
|  31|0x000000060a400000, 0x000000060a400000, 0x000000060a800000|  0%| F|  |TAMS 0x000000060a400000, 0x000000060a400000| Untracked 
|  32|0x000000060a800000, 0x000000060a800000, 0x000000060ac00000|  0%| F|  |TAMS 0x000000060a800000, 0x000000060a800000| Untracked 
|  33|0x000000060ac00000, 0x000000060ac00000, 0x000000060b000000|  0%| F|  |TAMS 0x000000060ac00000, 0x000000060ac00000| Untracked 
|  34|0x000000060b000000, 0x000000060b000000, 0x000000060b400000|  0%| F|  |TAMS 0x000000060b000000, 0x000000060b000000| Untracked 
|  35|0x000000060b400000, 0x000000060b400000, 0x000000060b800000|  0%| F|  |TAMS 0x000000060b400000, 0x000000060b400000| Untracked 
|  36|0x000000060b800000, 0x000000060b800000, 0x000000060bc00000|  0%| F|  |TAMS 0x000000060b800000, 0x000000060b800000| Untracked 
|  37|0x000000060bc00000, 0x000000060bc00000, 0x000000060c000000|  0%| F|  |TAMS 0x000000060bc00000, 0x000000060bc00000| Untracked 
|  38|0x000000060c000000, 0x000000060c000000, 0x000000060c400000|  0%| F|  |TAMS 0x000000060c000000, 0x000000060c000000| Untracked 
|  39|0x000000060c400000, 0x000000060c400000, 0x000000060c800000|  0%| F|  |TAMS 0x000000060c400000, 0x000000060c400000| Untracked 
|  40|0x000000060c800000, 0x000000060c800000, 0x000000060cc00000|  0%| F|  |TAMS 0x000000060c800000, 0x000000060c800000| Untracked 
|  41|0x000000060cc00000, 0x000000060cc00000, 0x000000060d000000|  0%| F|  |TAMS 0x000000060cc00000, 0x000000060cc00000| Untracked 
|  42|0x000000060d000000, 0x000000060d000000, 0x000000060d400000|  0%| F|  |TAMS 0x000000060d000000, 0x000000060d000000| Untracked 
|  43|0x000000060d400000, 0x000000060d400000, 0x000000060d800000|  0%| F|  |TAMS 0x000000060d400000, 0x000000060d400000| Untracked 
|  44|0x000000060d800000, 0x000000060d800000, 0x000000060dc00000|  0%| F|  |TAMS 0x000000060d800000, 0x000000060d800000| Untracked 
|  45|0x000000060dc00000, 0x000000060dc00000, 0x000000060e000000|  0%| F|  |TAMS 0x000000060dc00000, 0x000000060dc00000| Untracked 
|  46|0x000000060e000000, 0x000000060e000000, 0x000000060e400000|  0%| F|  |TAMS 0x000000060e000000, 0x000000060e000000| Untracked 
|  47|0x000000060e400000, 0x000000060e400000, 0x000000060e800000|  0%| F|  |TAMS 0x000000060e400000, 0x000000060e400000| Untracked 
|  48|0x000000060e800000, 0x000000060e800000, 0x000000060ec00000|  0%| F|  |TAMS 0x000000060e800000, 0x000000060e800000| Untracked 
|  49|0x000000060ec00000, 0x000000060ec00000, 0x000000060f000000|  0%| F|  |TAMS 0x000000060ec00000, 0x000000060ec00000| Untracked 
|  50|0x000000060f000000, 0x000000060f000000, 0x000000060f400000|  0%| F|  |TAMS 0x000000060f000000, 0x000000060f000000| Untracked 
|  51|0x000000060f400000, 0x000000060f400000, 0x000000060f800000|  0%| F|  |TAMS 0x000000060f400000, 0x000000060f400000| Untracked 
|  52|0x000000060f800000, 0x000000060f800000, 0x000000060fc00000|  0%| F|  |TAMS 0x000000060f800000, 0x000000060f800000| Untracked 
|  53|0x000000060fc00000, 0x000000060fc00000, 0x0000000610000000|  0%| F|  |TAMS 0x000000060fc00000, 0x000000060fc00000| Untracked 
|  54|0x0000000610000000, 0x0000000610000000, 0x0000000610400000|  0%| F|  |TAMS 0x0000000610000000, 0x0000000610000000| Untracked 
|  55|0x0000000610400000, 0x0000000610400000, 0x0000000610800000|  0%| F|  |TAMS 0x0000000610400000, 0x0000000610400000| Untracked 
|  56|0x0000000610800000, 0x0000000610800000, 0x0000000610c00000|  0%| F|  |TAMS 0x0000000610800000, 0x0000000610800000| Untracked 
|  57|0x0000000610c00000, 0x0000000610c00000, 0x0000000611000000|  0%| F|  |TAMS 0x0000000610c00000, 0x0000000610c00000| Untracked 
|  58|0x0000000611000000, 0x0000000611000000, 0x0000000611400000|  0%| F|  |TAMS 0x0000000611000000, 0x0000000611000000| Untracked 
|  59|0x0000000611400000, 0x0000000611400000, 0x0000000611800000|  0%| F|  |TAMS 0x0000000611400000, 0x0000000611400000| Untracked 
|  60|0x0000000611800000, 0x0000000611800000, 0x0000000611c00000|  0%| F|  |TAMS 0x0000000611800000, 0x0000000611800000| Untracked 
|  61|0x0000000611c00000, 0x0000000611c00000, 0x0000000612000000|  0%| F|  |TAMS 0x0000000611c00000, 0x0000000611c00000| Untracked 
|  62|0x0000000612000000, 0x0000000612000000, 0x0000000612400000|  0%| F|  |TAMS 0x0000000612000000, 0x0000000612000000| Untracked 
|  63|0x0000000612400000, 0x0000000612400000, 0x0000000612800000|  0%| F|  |TAMS 0x0000000612400000, 0x0000000612400000| Untracked 
|  64|0x0000000612800000, 0x0000000612800000, 0x0000000612c00000|  0%| F|  |TAMS 0x0000000612800000, 0x0000000612800000| Untracked 
|  65|0x0000000612c00000, 0x0000000612c00000, 0x0000000613000000|  0%| F|  |TAMS 0x0000000612c00000, 0x0000000612c00000| Untracked 
|  66|0x0000000613000000, 0x0000000613000000, 0x0000000613400000|  0%| F|  |TAMS 0x0000000613000000, 0x0000000613000000| Untracked 
|  67|0x0000000613400000, 0x0000000613400000, 0x0000000613800000|  0%| F|  |TAMS 0x0000000613400000, 0x0000000613400000| Untracked 
|  68|0x0000000613800000, 0x0000000613800000, 0x0000000613c00000|  0%| F|  |TAMS 0x0000000613800000, 0x0000000613800000| Untracked 
|  69|0x0000000613c00000, 0x0000000613c00000, 0x0000000614000000|  0%| F|  |TAMS 0x0000000613c00000, 0x0000000613c00000| Untracked 
|  70|0x0000000614000000, 0x0000000614000000, 0x0000000614400000|  0%| F|  |TAMS 0x0000000614000000, 0x0000000614000000| Untracked 
|  71|0x0000000614400000, 0x0000000614400000, 0x0000000614800000|  0%| F|  |TAMS 0x0000000614400000, 0x0000000614400000| Untracked 
|  72|0x0000000614800000, 0x0000000614800000, 0x0000000614c00000|  0%| F|  |TAMS 0x0000000614800000, 0x0000000614800000| Untracked 
|  73|0x0000000614c00000, 0x0000000614c00000, 0x0000000615000000|  0%| F|  |TAMS 0x0000000614c00000, 0x0000000614c00000| Untracked 
|  74|0x0000000615000000, 0x0000000615000000, 0x0000000615400000|  0%| F|  |TAMS 0x0000000615000000, 0x0000000615000000| Untracked 
|  75|0x0000000615400000, 0x0000000615400000, 0x0000000615800000|  0%| F|  |TAMS 0x0000000615400000, 0x0000000615400000| Untracked 
|  76|0x0000000615800000, 0x0000000615800000, 0x0000000615c00000|  0%| F|  |TAMS 0x0000000615800000, 0x0000000615800000| Untracked 
|  77|0x0000000615c00000, 0x0000000615c00000, 0x0000000616000000|  0%| F|  |TAMS 0x0000000615c00000, 0x0000000615c00000| Untracked 
|  78|0x0000000616000000, 0x0000000616000000, 0x0000000616400000|  0%| F|  |TAMS 0x0000000616000000, 0x0000000616000000| Untracked 
|  79|0x0000000616400000, 0x0000000616400000, 0x0000000616800000|  0%| F|  |TAMS 0x0000000616400000, 0x0000000616400000| Untracked 
|  80|0x0000000616800000, 0x0000000616800000, 0x0000000616c00000|  0%| F|  |TAMS 0x0000000616800000, 0x0000000616800000| Untracked 
|  81|0x0000000616c00000, 0x0000000616c00000, 0x0000000617000000|  0%| F|  |TAMS 0x0000000616c00000, 0x0000000616c00000| Untracked 
|  82|0x0000000617000000, 0x0000000617000000, 0x0000000617400000|  0%| F|  |TAMS 0x0000000617000000, 0x0000000617000000| Untracked 
|  83|0x0000000617400000, 0x0000000617400000, 0x0000000617800000|  0%| F|  |TAMS 0x0000000617400000, 0x0000000617400000| Untracked 
|  84|0x0000000617800000, 0x0000000617800000, 0x0000000617c00000|  0%| F|  |TAMS 0x0000000617800000, 0x0000000617800000| Untracked 
|  85|0x0000000617c00000, 0x0000000617c00000, 0x0000000618000000|  0%| F|  |TAMS 0x0000000617c00000, 0x0000000617c00000| Untracked 
|  86|0x0000000618000000, 0x0000000618000000, 0x0000000618400000|  0%| F|  |TAMS 0x0000000618000000, 0x0000000618000000| Untracked 
|  87|0x0000000618400000, 0x0000000618400000, 0x0000000618800000|  0%| F|  |TAMS 0x0000000618400000, 0x0000000618400000| Untracked 
|  88|0x0000000618800000, 0x0000000618800000, 0x0000000618c00000|  0%| F|  |TAMS 0x0000000618800000, 0x0000000618800000| Untracked 
|  89|0x0000000618c00000, 0x0000000618c00000, 0x0000000619000000|  0%| F|  |TAMS 0x0000000618c00000, 0x0000000618c00000| Untracked 
|  90|0x0000000619000000, 0x0000000619000000, 0x0000000619400000|  0%| F|  |TAMS 0x0000000619000000, 0x0000000619000000| Untracked 
|  91|0x0000000619400000, 0x0000000619400000, 0x0000000619800000|  0%| F|  |TAMS 0x0000000619400000, 0x0000000619400000| Untracked 
|  92|0x0000000619800000, 0x0000000619800000, 0x0000000619c00000|  0%| F|  |TAMS 0x0000000619800000, 0x0000000619800000| Untracked 
|  93|0x0000000619c00000, 0x0000000619c00000, 0x000000061a000000|  0%| F|  |TAMS 0x0000000619c00000, 0x0000000619c00000| Untracked 
|  94|0x000000061a000000, 0x000000061a000000, 0x000000061a400000|  0%| F|  |TAMS 0x000000061a000000, 0x000000061a000000| Untracked 
|  95|0x000000061a400000, 0x000000061a400000, 0x000000061a800000|  0%| F|  |TAMS 0x000000061a400000, 0x000000061a400000| Untracked 
|  96|0x000000061a800000, 0x000000061a800000, 0x000000061ac00000|  0%| F|  |TAMS 0x000000061a800000, 0x000000061a800000| Untracked 
|  97|0x000000061ac00000, 0x000000061ac00000, 0x000000061b000000|  0%| F|  |TAMS 0x000000061ac00000, 0x000000061ac00000| Untracked 
|  98|0x000000061b000000, 0x000000061b000000, 0x000000061b400000|  0%| F|  |TAMS 0x000000061b000000, 0x000000061b000000| Untracked 
|  99|0x000000061b400000, 0x000000061b400000, 0x000000061b800000|  0%| F|  |TAMS 0x000000061b400000, 0x000000061b400000| Untracked 
| 100|0x000000061b800000, 0x000000061b800000, 0x000000061bc00000|  0%| F|  |TAMS 0x000000061b800000, 0x000000061b800000| Untracked 
| 101|0x000000061bc00000, 0x000000061bc00000, 0x000000061c000000|  0%| F|  |TAMS 0x000000061bc00000, 0x000000061bc00000| Untracked 
| 102|0x000000061c000000, 0x000000061c000000, 0x000000061c400000|  0%| F|  |TAMS 0x000000061c000000, 0x000000061c000000| Untracked 
| 103|0x000000061c400000, 0x000000061c400000, 0x000000061c800000|  0%| F|  |TAMS 0x000000061c400000, 0x000000061c400000| Untracked 
| 104|0x000000061c800000, 0x000000061c800000, 0x000000061cc00000|  0%| F|  |TAMS 0x000000061c800000, 0x000000061c800000| Untracked 
| 105|0x000000061cc00000, 0x000000061cc00000, 0x000000061d000000|  0%| F|  |TAMS 0x000000061cc00000, 0x000000061cc00000| Untracked 
| 106|0x000000061d000000, 0x000000061d000000, 0x000000061d400000|  0%| F|  |TAMS 0x000000061d000000, 0x000000061d000000| Untracked 
| 107|0x000000061d400000, 0x000000061d400000, 0x000000061d800000|  0%| F|  |TAMS 0x000000061d400000, 0x000000061d400000| Untracked 
| 108|0x000000061d800000, 0x000000061d800000, 0x000000061dc00000|  0%| F|  |TAMS 0x000000061d800000, 0x000000061d800000| Untracked 
| 109|0x000000061dc00000, 0x000000061dc00000, 0x000000061e000000|  0%| F|  |TAMS 0x000000061dc00000, 0x000000061dc00000| Untracked 
| 110|0x000000061e000000, 0x000000061e000000, 0x000000061e400000|  0%| F|  |TAMS 0x000000061e000000, 0x000000061e000000| Untracked 
| 111|0x000000061e400000, 0x000000061e400000, 0x000000061e800000|  0%| F|  |TAMS 0x000000061e400000, 0x000000061e400000| Untracked 
| 112|0x000000061e800000, 0x000000061e800000, 0x000000061ec00000|  0%| F|  |TAMS 0x000000061e800000, 0x000000061e800000| Untracked 
| 113|0x000000061ec00000, 0x000000061ec00000, 0x000000061f000000|  0%| F|  |TAMS 0x000000061ec00000, 0x000000061ec00000| Untracked 
| 114|0x000000061f000000, 0x000000061f000000, 0x000000061f400000|  0%| F|  |TAMS 0x000000061f000000, 0x000000061f000000| Untracked 
| 115|0x000000061f400000, 0x000000061f400000, 0x000000061f800000|  0%| F|  |TAMS 0x000000061f400000, 0x000000061f400000| Untracked 
| 116|0x000000061f800000, 0x000000061f800000, 0x000000061fc00000|  0%| F|  |TAMS 0x000000061f800000, 0x000000061f800000| Untracked 
| 117|0x000000061fc00000, 0x000000061fc00000, 0x0000000620000000|  0%| F|  |TAMS 0x000000061fc00000, 0x000000061fc00000| Untracked 
| 118|0x0000000620000000, 0x0000000620000000, 0x0000000620400000|  0%| F|  |TAMS 0x0000000620000000, 0x0000000620000000| Untracked 
| 119|0x0000000620400000, 0x0000000620400000, 0x0000000620800000|  0%| F|  |TAMS 0x0000000620400000, 0x0000000620400000| Untracked 
| 120|0x0000000620800000, 0x0000000620800000, 0x0000000620c00000|  0%| F|  |TAMS 0x0000000620800000, 0x0000000620800000| Untracked 
| 121|0x0000000620c00000, 0x0000000620c00000, 0x0000000621000000|  0%| F|  |TAMS 0x0000000620c00000, 0x0000000620c00000| Untracked 
| 122|0x0000000621000000, 0x0000000621000000, 0x0000000621400000|  0%| F|  |TAMS 0x0000000621000000, 0x0000000621000000| Untracked 
| 123|0x0000000621400000, 0x00000006214f8c40, 0x0000000621800000| 24%| E|  |TAMS 0x0000000621400000, 0x0000000621400000| Complete 
| 124|0x0000000621800000, 0x0000000621c00000, 0x0000000621c00000|100%| E|CS|TAMS 0x0000000621800000, 0x0000000621800000| Complete 
| 125|0x0000000621c00000, 0x0000000622000000, 0x0000000622000000|100%| E|CS|TAMS 0x0000000621c00000, 0x0000000621c00000| Complete 
| 126|0x0000000622000000, 0x0000000622400000, 0x0000000622400000|100%| E|CS|TAMS 0x0000000622000000, 0x0000000622000000| Complete 
| 127|0x0000000622400000, 0x0000000622800000, 0x0000000622800000|100%| E|CS|TAMS 0x0000000622400000, 0x0000000622400000| Complete 

Card table byte_map: [0x000002415e4c0000,0x000002415f4b0000] _byte_map_base: 0x000002415b4ac000

Marking Bits (Prev, Next): (CMBitMap*) 0x0000024152be93a0, (CMBitMap*) 0x0000024152be93e0
 Prev Bits: [0x00000241604a0000, 0x0000024168400000)
 Next Bits: [0x0000024168400000, 0x0000024170360000)

Polling page: 0x0000024150b90000

Metaspace:

Usage:
  Non-class:      5.35 MB used.
      Class:    776.52 KB used.
       Both:      6.11 MB used.

Virtual space:
  Non-class space:        8.00 MB reserved,       5.38 MB ( 67%) committed,  1 nodes.
      Class space:        1.00 GB reserved,     832.00 KB ( <1%) committed,  1 nodes.
             Both:        1.01 GB reserved,       6.19 MB ( <1%) committed. 

Chunk freelists:
   Non-Class:  1.67 MB
       Class:  3.06 MB
        Both:  4.73 MB

MaxMetaspaceSize: unlimited
CompressedClassSpaceSize: 1.00 GB
Initial GC threshold: 21.00 MB
Current GC threshold: 21.00 MB
CDS: on
MetaspaceReclaimPolicy: balanced
 - commit_granule_bytes: 65536.
 - commit_granule_words: 8192.
 - virtual_space_node_default_size: 1048576.
 - enlarge_chunks_in_place: 1.
 - new_chunks_are_fully_committed: 0.
 - uncommit_free_chunks: 1.
 - use_allocation_guard: 0.
 - handle_deallocations: 1.


Internal statistics:

num_allocs_failed_limit: 0.
num_arena_births: 92.
num_arena_deaths: 0.
num_vsnodes_births: 2.
num_vsnodes_deaths: 0.
num_space_committed: 99.
num_space_uncommitted: 0.
num_chunks_returned_to_freelist: 0.
num_chunks_taken_from_freelist: 176.
num_chunk_merges: 0.
num_chunk_splits: 113.
num_chunks_enlarged: 74.
num_purges: 0.
num_inconsistent_stats: 0.

CodeCache: size=49152Kb used=4408Kb max_used=4408Kb free=44743Kb
 bounds [0x000002415a3c0000, 0x000002415a810000, 0x000002415d3c0000]
 total_blobs=1553 nmethods=1105 adapters=373
 compilation: enabled
              stopped_count=0, restarted_count=0
 full_count=0

Compilation events (20 events):
Event: 0.462 Thread 0x0000024173919440 nmethod 1096 0x000002415a808510 code [0x000002415a8086a0, 0x000002415a808788]
Event: 0.462 Thread 0x0000024173919440 1098       1       jdk.internal.loader.BuiltinClassLoader::getAndVerifyPackage (113 bytes)
Event: 0.463 Thread 0x00000241739035f0 nmethod 1095 0x000002415a808810 code [0x000002415a808aa0, 0x000002415a809228]
Event: 0.463 Thread 0x0000024173823cf0 nmethod 1097 0x000002415a809710 code [0x000002415a809940, 0x000002415a809eb8]
Event: 0.463 Thread 0x00000241739035f0 1099       1       java.lang.ClassLoader::getDefinedPackage (36 bytes)
Event: 0.463 Thread 0x0000024173823cf0 1100       1       jdk.internal.loader.Resource::getByteBuffer (24 bytes)
Event: 0.463 Thread 0x0000024173823cf0 nmethod 1100 0x000002415a80a110 code [0x000002415a80a2e0, 0x000002415a80a638]
Event: 0.463 Thread 0x0000024173823cf0 1102       1       java.lang.Thread::interrupted (23 bytes)
Event: 0.463 Thread 0x00000241739035f0 nmethod 1099 0x000002415a80a710 code [0x000002415a80a8e0, 0x000002415a80ab28]
Event: 0.463 Thread 0x0000024173907b10 nmethod 1101 0x000002415a80ac90 code [0x000002415a80af00, 0x000002415a80bb48]
Event: 0.463 Thread 0x00000241739035f0 1103       1       java.util.zip.CRC32::<init> (5 bytes)
Event: 0.463 Thread 0x0000024173919440 nmethod 1098 0x000002415a80c310 code [0x000002415a80c5c0, 0x000002415a80cea8]
Event: 0.463 Thread 0x0000024173919440 1104       1       java.util.zip.CRC32::getValue (10 bytes)
Event: 0.463 Thread 0x0000024173823cf0 nmethod 1102 0x000002415a80d290 code [0x000002415a80d420, 0x000002415a80d508]
Event: 0.463 Thread 0x0000024173907b10 1105       1       jdk.internal.loader.URLClassPath$JarLoader$2::getCodeSourceURL (8 bytes)
Event: 0.463 Thread 0x00000241739035f0 nmethod 1103 0x000002415a80d590 code [0x000002415a80d720, 0x000002415a80d7d8]
Event: 0.463 Thread 0x0000024173823cf0 1106       1       java.lang.reflect.Constructor::getConstructorAccessor (5 bytes)
Event: 0.463 Thread 0x0000024173919440 nmethod 1104 0x000002415a80d890 code [0x000002415a80da20, 0x000002415a80daf8]
Event: 0.463 Thread 0x0000024173907b10 nmethod 1105 0x000002415a80db90 code [0x000002415a80dd20, 0x000002415a80ddf8]
Event: 0.463 Thread 0x0000024173823cf0 nmethod 1106 0x000002415a80de90 code [0x000002415a80e020, 0x000002415a80e0f8]

GC Heap History (0 events):
No events

Deoptimization events (2 events):
Event: 0.457 Thread 0x0000024152b73460 DEOPT PACKING pc=0x000002415a712a81 sp=0x00000052fe4fd680
Event: 0.457 Thread 0x0000024152b73460 DEOPT UNPACKING pc=0x000002415a412b43 sp=0x00000052fe4fcad8 mode 3

Classes unloaded (0 events):
No events

Classes redefined (0 events):
No events

Internal exceptions (14 events):
Event: 0.133 Thread 0x00000241738ff550 Exception <a 'java/lang/NoSuchMethodError'{0x0000000622213f10}: 'java.lang.Object java.lang.invoke.DirectMethodHandle$Holder.invokeStaticInit(java.lang.Object)'> (0x0000000622213f10) 
thrown [t:\workspace\open\src\hotspot\share\interpreter\linkResolver.cpp, line 766]
Event: 0.139 Thread 0x00000241738ff550 Exception <a 'java/lang/NoSuchMethodError'{0x0000000622221cd8}: 'void java.lang.invoke.DirectMethodHandle$Holder.invokeStatic(java.lang.Object, java.lang.Object)'> (0x0000000622221cd8) 
thrown [t:\workspace\open\src\hotspot\share\interpreter\linkResolver.cpp, line 766]
Event: 0.160 Thread 0x0000024152b73460 Exception <a 'java/lang/NoSuchMethodError'{0x000000062220ca20}: 'int java.lang.invoke.DirectMethodHandle$Holder.invokeInterface(java.lang.Object, java.lang.Object)'> (0x000000062220ca20) 
thrown [t:\workspace\open\src\hotspot\share\interpreter\linkResolver.cpp, line 766]
Event: 0.160 Thread 0x0000024152b73460 Exception <a 'java/lang/IncompatibleClassChangeError'{0x000000062228af10}: Found class java.lang.Object, but interface was expected> (0x000000062228af10) 
thrown [t:\workspace\open\src\hotspot\share\interpreter\linkResolver.cpp, line 833]
Event: 0.192 Thread 0x0000024152b73460 Exception <a 'java/lang/NoSuchMethodError'{0x0000000622356a30}: 'int java.lang.invoke.DirectMethodHandle$Holder.invokeSpecial(java.lang.Object, java.lang.Object, java.lang.Object)'> (0x0000000622356a30) 
thrown [t:\workspace\open\src\hotspot\share\interpreter\linkResolver.cpp, line 766]
Event: 0.229 Thread 0x0000024152b73460 Exception <a 'java/lang/NoSuchMethodError'{0x0000000621c51a78}: 'void java.lang.invoke.DirectMethodHandle$Holder.invokeStatic(java.lang.Object, java.lang.Object, java.lang.Object)'> (0x0000000621c51a78) 
thrown [t:\workspace\open\src\hotspot\share\interpreter\linkResolver.cpp, line 766]
Event: 0.238 Thread 0x0000024152b73460 Exception <a 'java/lang/NoSuchMethodError'{0x0000000621c8e6e0}: 'int java.lang.invoke.DirectMethodHandle$Holder.invokeSpecialIFC(java.lang.Object, java.lang.Object, java.lang.Object)'> (0x0000000621c8e6e0) 
thrown [t:\workspace\open\src\hotspot\share\interpreter\linkResolver.cpp, line 766]
Event: 0.261 Thread 0x0000024152b73460 Exception <a 'java/lang/NoSuchMethodError'{0x0000000621d04c18}: 'java.lang.Object java.lang.invoke.DirectMethodHandle$Holder.invokeStaticInit(java.lang.Object, int, int, int, int)'> (0x0000000621d04c18) 
thrown [t:\workspace\open\src\hotspot\share\interpreter\linkResolver.cpp, line 766]
Event: 0.311 Thread 0x0000024152b73460 Exception <a 'java/lang/NoSuchMethodError'{0x0000000621dda328}: 'java.lang.Object java.lang.invoke.DirectMethodHandle$Holder.invokeStaticInit(java.lang.Object, java.lang.Object, int, int, int, int)'> (0x0000000621dda328) 
thrown [t:\workspace\open\src\hotspot\share\interpreter\linkResolver.cpp, line 766]
Event: 0.322 Thread 0x0000024152b73460 Exception <a 'java/lang/ClassNotFoundException'{0x0000000621df8760}: javax/management/remote/rmi/RMIServerImpl_Skel> (0x0000000621df8760) 
thrown [t:\workspace\open\src\hotspot\share\classfile\systemDictionary.cpp, line 256]
Event: 0.388 Thread 0x0000024152b73460 Exception <a 'java/lang/ClassNotFoundException'{0x0000000621877ae8}: javax/smartcardio/CardPermission> (0x0000000621877ae8) 
thrown [t:\workspace\open\src\hotspot\share\classfile\systemDictionary.cpp, line 256]
Event: 0.389 Thread 0x0000024152b73460 Exception <a 'java/io/FileNotFoundException'{0x0000000621885e10}> (0x0000000621885e10) 
thrown [t:\workspace\open\src\hotspot\share\prims\jni.cpp, line 516]
Event: 0.425 Thread 0x0000024152b73460 Exception <a 'java/lang/NoSuchMethodError'{0x0000000621a58008}: 'void java.lang.invoke.DirectMethodHandle$Holder.invokeStatic(java.lang.Object, java.lang.Object, java.lang.Object, java.lang.Object)'> (0x0000000621a58008) 
thrown [t:\workspace\open\src\hotspot\share\interpreter\linkResolver.cpp, line 766]
Event: 0.445 Thread 0x0000024152b73460 Exception <a 'java/lang/NoSuchMethodError'{0x0000000621b65ae0}: 'int java.lang.invoke.DirectMethodHandle$Holder.invokeStaticInit(java.lang.Object, java.lang.Object)'> (0x0000000621b65ae0) 
thrown [t:\workspace\open\src\hotspot\share\interpreter\linkResolver.cpp, line 766]

VM Operations (8 events):
Event: 0.132 Executing VM operation: HandshakeAllThreads
Event: 0.132 Executing VM operation: HandshakeAllThreads done
Event: 0.250 Executing VM operation: HandshakeAllThreads
Event: 0.250 Executing VM operation: HandshakeAllThreads done
Event: 0.322 Executing VM operation: HandshakeAllThreads
Event: 0.322 Executing VM operation: HandshakeAllThreads done
Event: 0.365 Executing VM operation: HandshakeAllThreads
Event: 0.365 Executing VM operation: HandshakeAllThreads done

Events (20 events):
Event: 0.433 loading class java/net/HttpURLConnection
Event: 0.433 loading class java/net/HttpURLConnection done
Event: 0.434 loading class java/net/URLDecoder
Event: 0.434 loading class java/net/URLDecoder done
Event: 0.434 loading class java/net/URLEncoder
Event: 0.434 loading class java/net/URLEncoder done
Event: 0.437 loading class java/util/ImmutableCollections$Access
Event: 0.437 loading class java/util/ImmutableCollections$Access done
Event: 0.437 loading class java/util/ImmutableCollections$Access$1
Event: 0.437 loading class jdk/internal/access/JavaUtilCollectionAccess
Event: 0.437 loading class jdk/internal/access/JavaUtilCollectionAccess done
Event: 0.437 loading class java/util/ImmutableCollections$Access$1 done
Event: 0.444 loading class java/lang/IllegalAccessException
Event: 0.444 loading class java/lang/IllegalAccessException done
Event: 0.444 loading class java/lang/reflect/UndeclaredThrowableException
Event: 0.444 loading class java/lang/reflect/UndeclaredThrowableException done
Event: 0.456 loading class java/lang/FunctionalInterface
Event: 0.456 loading class java/lang/FunctionalInterface done
Event: 0.458 loading class java/util/NoSuchElementException
Event: 0.458 loading class java/util/NoSuchElementException done


Dynamic libraries:
0x00007ff736f90000 - 0x00007ff736f9e000 	C:\Users\Batutin-K\.jdks\openjdk-17.0.2\bin\java.exe
0x00007fffd6630000 - 0x00007fffd6825000 	C:\Windows\SYSTEM32\ntdll.dll
0x00007fffd5b30000 - 0x00007fffd5bed000 	C:\Windows\System32\KERNEL32.DLL
0x00007fffd3dc0000 - 0x00007fffd4089000 	C:\Windows\System32\KERNELBASE.dll
0x00007fffd4130000 - 0x00007fffd4230000 	C:\Windows\System32\ucrtbase.dll
0x00007fffb26a0000 - 0x00007fffb26b8000 	C:\Users\Batutin-K\.jdks\openjdk-17.0.2\bin\jli.dll
0x00007fffd5bf0000 - 0x00007fffd5d90000 	C:\Windows\System32\USER32.dll
0x00007fffd4230000 - 0x00007fffd4252000 	C:\Windows\System32\win32u.dll
0x00007fffd5fb0000 - 0x00007fffd5fda000 	C:\Windows\System32\GDI32.dll
0x00007fffd4400000 - 0x00007fffd450b000 	C:\Windows\System32\gdi32full.dll
0x00007fffd4090000 - 0x00007fffd412d000 	C:\Windows\System32\msvcp_win.dll
0x00007fffaf8d0000 - 0x00007fffaf8ea000 	C:\Users\Batutin-K\.jdks\openjdk-17.0.2\bin\VCRUNTIME140.dll
0x00007fffb6010000 - 0x00007fffb62aa000 	C:\Windows\WinSxS\amd64_microsoft.windows.common-controls_6595b64144ccf1df_6.0.19041.1083_none_60bbe31371f34e71\COMCTL32.dll
0x00007fffd5680000 - 0x00007fffd571e000 	C:\Windows\System32\msvcrt.dll
0x00007fffd46a0000 - 0x00007fffd46d0000 	C:\Windows\System32\IMM32.DLL
0x00007fffcf4c0000 - 0x00007fffcf4cc000 	C:\Users\Batutin-K\.jdks\openjdk-17.0.2\bin\vcruntime140_1.dll
0x00007fffa0070000 - 0x00007fffa00fd000 	C:\Users\Batutin-K\.jdks\openjdk-17.0.2\bin\msvcp140.dll
0x00007fff82310000 - 0x00007fff82ed1000 	C:\Users\Batutin-K\.jdks\openjdk-17.0.2\bin\server\jvm.dll
0x00007fffd5720000 - 0x00007fffd57cc000 	C:\Windows\System32\ADVAPI32.dll
0x00007fffd6550000 - 0x00007fffd65eb000 	C:\Windows\System32\sechost.dll
0x00007fffd5fe0000 - 0x00007fffd610a000 	C:\Windows\System32\RPCRT4.dll
0x00007fffd4c70000 - 0x00007fffd4c78000 	C:\Windows\System32\PSAPI.DLL
0x00007fffc7ce0000 - 0x00007fffc7ce9000 	C:\Windows\SYSTEM32\WSOCK32.dll
0x00007fffd64d0000 - 0x00007fffd653b000 	C:\Windows\System32\WS2_32.dll
0x00007fffb6830000 - 0x00007fffb6857000 	C:\Windows\SYSTEM32\WINMM.dll
0x00007fffcc8e0000 - 0x00007fffcc8ea000 	C:\Windows\SYSTEM32\VERSION.dll
0x00007fffd2630000 - 0x00007fffd2642000 	C:\Windows\SYSTEM32\kernel.appcore.dll
0x00007fffb2920000 - 0x00007fffb292a000 	C:\Users\Batutin-K\.jdks\openjdk-17.0.2\bin\jimage.dll
0x00007fffd1a40000 - 0x00007fffd1c24000 	C:\Windows\SYSTEM32\DBGHELP.DLL
0x00007fffb62b0000 - 0x00007fffb62dc000 	C:\Windows\SYSTEM32\dbgcore.DLL
0x00007fffd4310000 - 0x00007fffd4393000 	C:\Windows\System32\bcryptPrimitives.dll
0x00007fffcacd0000 - 0x00007fffcacde000 	C:\Users\Batutin-K\.jdks\openjdk-17.0.2\bin\instrument.dll
0x00007fffa89e0000 - 0x00007fffa8a05000 	C:\Users\Batutin-K\.jdks\openjdk-17.0.2\bin\java.dll
0x00007fff951f0000 - 0x00007fff952c6000 	C:\Users\Batutin-K\.jdks\openjdk-17.0.2\bin\jsvml.dll
0x00007fffd4c80000 - 0x00007fffd53bf000 	C:\Windows\System32\SHELL32.dll
0x00007fffd1e30000 - 0x00007fffd25c1000 	C:\Windows\SYSTEM32\windows.storage.dll
0x00007fffd57d0000 - 0x00007fffd5b25000 	C:\Windows\System32\combase.dll
0x00007fffd3630000 - 0x00007fffd365c000 	C:\Windows\SYSTEM32\Wldp.dll
0x00007fffd53d0000 - 0x00007fffd547e000 	C:\Windows\System32\SHCORE.dll
0x00007fffd6340000 - 0x00007fffd6395000 	C:\Windows\System32\shlwapi.dll
0x00007fffd3cb0000 - 0x00007fffd3ccf000 	C:\Windows\SYSTEM32\profapi.dll
0x00007fffa5070000 - 0x00007fffa5088000 	C:\Users\Batutin-K\.jdks\openjdk-17.0.2\bin\zip.dll
0x00007fffaf740000 - 0x00007fffaf759000 	C:\Users\Batutin-K\.jdks\openjdk-17.0.2\bin\net.dll
0x00007fffc1630000 - 0x00007fffc173a000 	C:\Windows\SYSTEM32\WINHTTP.dll
0x00007fffd3410000 - 0x00007fffd347a000 	C:\Windows\system32\mswsock.dll
0x00007fffa7690000 - 0x00007fffa76a6000 	C:\Users\Batutin-K\.jdks\openjdk-17.0.2\bin\nio.dll
0x00007fffa3f10000 - 0x00007fffa3f2a000 	C:\Program Files\JetBrains\IntelliJ IDEA 2021.1.3\bin\breakgen64.dll
0x00007fffd3170000 - 0x00007fffd323c000 	C:\Windows\SYSTEM32\DNSAPI.dll
0x00007fffd3120000 - 0x00007fffd315b000 	C:\Windows\SYSTEM32\IPHLPAPI.DLL
0x00007fffd6540000 - 0x00007fffd6548000 	C:\Windows\System32\NSI.dll
0x00007fffc64c0000 - 0x00007fffc64ca000 	C:\Windows\System32\rasadhlp.dll
0x00007fffcd3f0000 - 0x00007fffcd46f000 	C:\Windows\System32\fwpuclnt.dll
0x00007fffd4670000 - 0x00007fffd4697000 	C:\Windows\System32\bcrypt.dll
0x00007fffcac20000 - 0x00007fffcac29000 	C:\Users\Batutin-K\.jdks\openjdk-17.0.2\bin\management.dll
0x00007fffbbde0000 - 0x00007fffbbdeb000 	C:\Users\Batutin-K\.jdks\openjdk-17.0.2\bin\management_ext.dll
0x00007fffd3670000 - 0x00007fffd3688000 	C:\Windows\SYSTEM32\CRYPTSP.dll
0x0000000054f00000 - 0x0000000054f17000 	C:\Program Files\Common Files\Crypto Pro\AppCompat\cpadvai.dll
0x0000000054f20000 - 0x0000000054f26000 	C:\Program Files\Common Files\Crypto Pro\AppCompat\detoured.dll
0x00007fffd2dd0000 - 0x00007fffd2e04000 	C:\Windows\system32\rsaenh.dll
0x00007fffd3c30000 - 0x00007fffd3c5e000 	C:\Windows\SYSTEM32\USERENV.dll
0x00007fffd3590000 - 0x00007fffd359c000 	C:\Windows\SYSTEM32\CRYPTBASE.dll
0x00007fffcd270000 - 0x00007fffcd287000 	C:\Windows\SYSTEM32\dhcpcsvc6.DLL
0x00007fffcd070000 - 0x00007fffcd08d000 	C:\Windows\SYSTEM32\dhcpcsvc.DLL
0x00007fffb2ab0000 - 0x00007fffb2ac7000 	C:\Windows\system32\napinsp.dll
0x00007fffb2a90000 - 0x00007fffb2aab000 	C:\Windows\system32\pnrpnsp.dll
0x00007fffce190000 - 0x00007fffce1a5000 	C:\Windows\system32\wshbth.dll
0x00007fffcf370000 - 0x00007fffcf38d000 	C:\Windows\system32\NLAapi.dll
0x00007fffb2a70000 - 0x00007fffb2a82000 	C:\Windows\System32\winrnr.dll

dbghelp: loaded successfully - version: 4.0.5 - missing functions: none
symbol engine: initialized successfully - sym options: 0x614 - pdb path: .;C:\Users\Batutin-K\.jdks\openjdk-17.0.2\bin;C:\Windows\SYSTEM32;C:\Windows\WinSxS\amd64_microsoft.windows.common-controls_6595b64144ccf1df_6.0.19041.1083_none_60bbe31371f34e71;C:\Users\Batutin-K\.jdks\openjdk-17.0.2\bin\server;C:\Program Files\JetBrains\IntelliJ IDEA 2021.1.3\bin;C:\Program Files\Common Files\Crypto Pro\AppCompat

VM Arguments:
jvm_args: -XX:TieredStopAtLevel=1 -Dspring.output.ansi.enabled=always -Dcom.sun.management.jmxremote -Dspring.jmx.enabled=true -Dspring.liveBeansView.mbeanDomain -Dspring.application.admin.enabled=true -Dmanagement.endpoints.jmx.exposure.include=* -javaagent:C:\Program Files\JetBrains\IntelliJ IDEA 2021.1.3\lib\idea_rt.jar=62501:C:\Program Files\JetBrains\IntelliJ IDEA 2021.1.3\bin -Dfile.encoding=UTF-8 
java_command: com.example.demo.DemoApplication
java_class_path (initial): C:\Users\Batutin-K\IdeaProjects\demo\target\classes;C:\Users\Batutin-K\.m2\repository\org\springframework\boot\spring-boot-starter-web\3.0.6\spring-boot-starter-web-3.0.6.jar;C:\Users\Batutin-K\.m2\repository\org\springframework\boot\spring-boot-starter\3.0.6\spring-boot-starter-3.0.6.jar;C:\Users\Batutin-K\.m2\repository\org\springframework\boot\spring-boot\3.0.6\spring-boot-3.0.6.jar;C:\Users\Batutin-K\.m2\repository\org\springframework\boot\spring-boot-autoconfigure\3.0.6\spring-boot-autoconfigure-3.0.6.jar;C:\Users\Batutin-K\.m2\repository\org\springframework\boot\spring-boot-starter-logging\3.0.6\spring-boot-starter-logging-3.0.6.jar;C:\Users\Batutin-K\.m2\repository\ch\qos\logback\logback-classic\1.4.7\logback-classic-1.4.7.jar;C:\Users\Batutin-K\.m2\repository\ch\qos\logback\logback-core\1.4.7\logback-core-1.4.7.jar;C:\Users\Batutin-K\.m2\repository\org\apache\logging\log4j\log4j-to-slf4j\2.19.0\log4j-to-slf4j-2.19.0.jar;C:\Users\Batutin-K\.m2\repository\org\apache\logging\log4j\log4j-api\2.19.0\log4j-api-2.19.0.jar;C:\Users\Batutin-K\.m2\repository\org\slf4j\jul-to-slf4j\2.0.7\jul-to-slf4j-2.0.7.jar;C:\Users\Batutin-K\.m2\repository\jakarta\annotation\jakarta.annotation-api\2.1.1\jakarta.annotation-api-2.1.1.jar;C:\Users\Batutin-K\.m2\repository\org\yaml\snakeyaml\1.33\snakeyaml-1.33.jar;C:\Users\Batutin-K\.m2\repository\org\springframework\boot\spring-boot-starter-json\3.0.6\spring-boot-starter-json-3.0.6.jar;C:\Users\Batutin-K\.m2\repository\com\fasterxml\jackson\core\jackson-databind\2.14.2\jackson-databind-2.14.2.jar;C:\Users\Batutin-K\.m2\repository\com\fasterxml\jackson\core\jackson-annotations\2.14.2\jackson-annotations-2.14.2.jar;C:\Users\Batutin-K\.m2\repository\com\fasterxml\jackson\core\jackson-core\2.14.2\jackson-core-2.14.2.jar;C:\Users\Batutin-K\.m2\repository\com\fasterxml\jackson\datatype\jackson-datatype-jdk8\2.14.2\jackson-datatype-jdk8-2.14.2.jar;C:\Users\Batutin-K\.m2\repository\com\fasterxml\jackson\datatype\
Launcher Type: SUN_STANDARD

[Global flags]
     intx CICompilerCount                          = 4                                         {product} {ergonomic}
     uint ConcGCThreads                            = 2                                         {product} {ergonomic}
     uint G1ConcRefinementThreads                  = 8                                         {product} {ergonomic}
   size_t G1HeapRegionSize                         = 4194304                                   {product} {ergonomic}
    uintx GCDrainStackTargetSize                   = 64                                        {product} {ergonomic}
   size_t InitialHeapSize                          = 536870912                                 {product} {ergonomic}
     bool ManagementServer                         = true                                      {product} {command line}
   size_t MarkStackSize                            = 4194304                                   {product} {ergonomic}
   size_t MaxHeapSize                              = 8547991552                                {product} {ergonomic}
   size_t MaxNewSize                               = 5125439488                                {product} {ergonomic}
   size_t MinHeapDeltaBytes                        = 4194304                                   {product} {ergonomic}
   size_t MinHeapSize                              = 8388608                                   {product} {ergonomic}
    uintx NonProfiledCodeHeapSize                  = 0                                      {pd product} {ergonomic}
     bool ProfileInterpreter                       = false                                  {pd product} {command line}
    uintx ProfiledCodeHeapSize                     = 0                                      {pd product} {ergonomic}
   size_t SoftMaxHeapSize                          = 8547991552                             {manageable} {ergonomic}
     intx TieredStopAtLevel                        = 1                                         {product} {command line}
     bool UseCompressedClassPointers               = true                           {product lp64_product} {ergonomic}
     bool UseCompressedOops                        = true                           {product lp64_product} {ergonomic}
     bool UseG1GC                                  = true                                      {product} {ergonomic}
     bool UseLargePagesIndividualAllocation        = false                                  {pd product} {ergonomic}

Logging:
Log output configuration:
 #0: stdout all=warning uptime,level,tags
 #1: stderr all=off uptime,level,tags

Environment Variables:
JAVA_HOME=C:\Users\Batutin-K\.jdks\corretto-1.8.0_292
PATH=C:\Program Files\Common Files\Oracle\Java\javapath;C:\Program Files (x86)\Common Files\Oracle\Java\javapath;C:\Program Files (x86)\VMware\VMware Workstation\bin\;C:\Windows\system32;C:\Windows;C:\Windows\System32\Wbem;C:\Windows\System32\WindowsPowerShell\v1.0\;C:\Windows\System32\OpenSSH\;C:\Program Files\SafeNet\Authentication\SAC\x64;C:\Program Files\SafeNet\Authentication\SAC\x32;C:\root;C:\root\FAR;C:\Program Files\Git\cmd;C:\Program Files (x86)\Java\jre1.8.0_331\bin;C:\Program Files (x86)\Common Files\SecurIT;C:\Program Files\Docker\Docker\resources\bin;C:\Users\Batutin-K\AppData\Local\Microsoft\WindowsApps;C:\Users\Batutin-K\AppData\Local\Programs\Git\cmd;C:\Users\Batutin-K\.jdks\corretto-1.8.0_292;
USERNAME=batutin-k
OS=Windows_NT
PROCESSOR_IDENTIFIER=Intel64 Family 6 Model 142 Stepping 12, GenuineIntel



---------------  S Y S T E M  ---------------

OS:
 Windows 10 , 64 bit Build 19041 (10.0.19041.1023)
OS uptime: 5 days 8:52 hours
Hyper-V role detected

CPU: total 8 (initial active 8) (4 cores per cpu, 2 threads per core) family 6 model 142 stepping 12 microcode 0xea, cx8, cmov, fxsr, ht, mmx, 3dnowpref, sse, sse2, sse3, ssse3, sse4.1, sse4.2, popcnt, lzcnt, tsc, tscinvbit, avx, avx2, aes, erms, clmul, bmi1, bmi2, adx, fma, vzeroupper, clflush, clflushopt, hv

Memory: 4k page, system-wide physical 32605M (11005M free)
TotalPageFile size 40701M (AvailPageFile size 4M)
current process WorkingSet (physical memory assigned to process): 62M, peak: 62M
current process commit charge ("private bytes"): 619M, peak: 619M

vm_info: OpenJDK 64-Bit Server VM (17.0.2+8-86) for windows-amd64 JRE (17.0.2+8-86), built on Dec  7 2021 21:49:10 by "mach5one" with MS VC++ 16.8 / 16.9 (VS2019)

END.
